{"/Users/erz/test/hodman/index.js":{"path":"/Users/erz/test/hodman/index.js","s":{"1":1},"b":{},"f":{},"fnMap":{},"statementMap":{"1":{"start":{"line":4,"column":0},"end":{"line":31,"column":2}}},"branchMap":{}},"/Users/erz/test/hodman/lib/driverAdapter/driverAdapter.js":{"path":"/Users/erz/test/hodman/lib/driverAdapter/driverAdapter.js","s":{"1":1,"2":1,"3":0,"4":0,"5":0,"6":0,"7":0,"8":0,"9":0,"10":0,"11":0,"12":0,"13":0,"14":1},"b":{},"f":{"1":0,"2":0,"3":0,"4":0,"5":0,"6":0,"7":0,"8":0,"9":0,"10":0},"fnMap":{"1":{"name":"(anonymous_1)","line":18,"loc":{"start":{"line":18,"column":1},"end":{"line":18,"column":19}}},"2":{"name":"(anonymous_2)","line":32,"loc":{"start":{"line":32,"column":14},"end":{"line":32,"column":26}}},"3":{"name":"(anonymous_3)","line":43,"loc":{"start":{"line":43,"column":13},"end":{"line":43,"column":25}}},"4":{"name":"(anonymous_4)","line":54,"loc":{"start":{"line":54,"column":17},"end":{"line":54,"column":29}}},"5":{"name":"(anonymous_5)","line":64,"loc":{"start":{"line":64,"column":18},"end":{"line":64,"column":30}}},"6":{"name":"(anonymous_6)","line":73,"loc":{"start":{"line":73,"column":14},"end":{"line":73,"column":44}}},"7":{"name":"(anonymous_7)","line":82,"loc":{"start":{"line":82,"column":9},"end":{"line":82,"column":41}}},"8":{"name":"(anonymous_8)","line":92,"loc":{"start":{"line":92,"column":18},"end":{"line":92,"column":30}}},"9":{"name":"(anonymous_9)","line":106,"loc":{"start":{"line":106,"column":14},"end":{"line":106,"column":57}}},"10":{"name":"(anonymous_10)","line":119,"loc":{"start":{"line":119,"column":15},"end":{"line":119,"column":58}}}},"statementMap":{"1":{"start":{"line":4,"column":0},"end":{"line":4,"column":42}},"2":{"start":{"line":10,"column":0},"end":{"line":131,"column":4}},"3":{"start":{"line":19,"column":2},"end":{"line":19,"column":17}},"4":{"start":{"line":21,"column":2},"end":{"line":21,"column":23}},"5":{"start":{"line":23,"column":2},"end":{"line":23,"column":20}},"6":{"start":{"line":44,"column":3},"end":{"line":44,"column":22}},"7":{"start":{"line":55,"column":3},"end":{"line":55,"column":70}},"8":{"start":{"line":65,"column":3},"end":{"line":65,"column":71}},"9":{"start":{"line":74,"column":3},"end":{"line":74,"column":67}},"10":{"start":{"line":83,"column":3},"end":{"line":83,"column":62}},"11":{"start":{"line":93,"column":3},"end":{"line":93,"column":71}},"12":{"start":{"line":107,"column":3},"end":{"line":107,"column":67}},"13":{"start":{"line":120,"column":3},"end":{"line":120,"column":68}},"14":{"start":{"line":133,"column":0},"end":{"line":133,"column":31}}},"branchMap":{}},"/Users/erz/test/hodman/lib/driverAdapter/cabbieAdapter.js":{"path":"/Users/erz/test/hodman/lib/driverAdapter/cabbieAdapter.js","s":{"1":1,"2":1,"3":1,"4":0,"5":0,"6":0,"7":0,"8":0,"9":0,"10":0,"11":0,"12":1},"b":{},"f":{"1":0,"2":0,"3":0,"4":0,"5":0,"6":0,"7":0,"8":0,"9":0},"fnMap":{"1":{"name":"(anonymous_1)","line":20,"loc":{"start":{"line":20,"column":14},"end":{"line":20,"column":26}}},"2":{"name":"(anonymous_2)","line":31,"loc":{"start":{"line":31,"column":13},"end":{"line":31,"column":25}}},"3":{"name":"(anonymous_3)","line":42,"loc":{"start":{"line":42,"column":17},"end":{"line":42,"column":29}}},"4":{"name":"(anonymous_4)","line":52,"loc":{"start":{"line":52,"column":18},"end":{"line":52,"column":30}}},"5":{"name":"(anonymous_5)","line":62,"loc":{"start":{"line":62,"column":14},"end":{"line":62,"column":29}}},"6":{"name":"(anonymous_6)","line":72,"loc":{"start":{"line":72,"column":9},"end":{"line":72,"column":29}}},"7":{"name":"(anonymous_7)","line":82,"loc":{"start":{"line":82,"column":18},"end":{"line":82,"column":30}}},"8":{"name":"(anonymous_8)","line":96,"loc":{"start":{"line":96,"column":14},"end":{"line":96,"column":57}}},"9":{"name":"(anonymous_9)","line":109,"loc":{"start":{"line":109,"column":15},"end":{"line":109,"column":58}}}},"statementMap":{"1":{"start":{"line":4,"column":0},"end":{"line":4,"column":33}},"2":{"start":{"line":6,"column":0},"end":{"line":6,"column":47}},"3":{"start":{"line":12,"column":0},"end":{"line":121,"column":4}},"4":{"start":{"line":32,"column":3},"end":{"line":32,"column":22}},"5":{"start":{"line":43,"column":3},"end":{"line":43,"column":53}},"6":{"start":{"line":53,"column":3},"end":{"line":53,"column":52}},"7":{"start":{"line":63,"column":3},"end":{"line":63,"column":60}},"8":{"start":{"line":73,"column":3},"end":{"line":73,"column":26}},"9":{"start":{"line":83,"column":3},"end":{"line":83,"column":49}},"10":{"start":{"line":97,"column":3},"end":{"line":97,"column":53}},"11":{"start":{"line":110,"column":3},"end":{"line":110,"column":54}},"12":{"start":{"line":123,"column":0},"end":{"line":123,"column":31}}},"branchMap":{}},"/Users/erz/test/hodman/lib/pageObjects/baseObject.js":{"path":"/Users/erz/test/hodman/lib/pageObjects/baseObject.js","s":{"1":1,"2":1,"3":1,"4":1,"5":1,"6":1,"7":1,"8":2,"9":2,"10":2,"11":2,"12":2,"13":2,"14":2,"15":0,"16":0,"17":0,"18":0,"19":0,"20":0,"21":0,"22":0,"23":0,"24":0,"25":0,"26":0,"27":0,"28":0,"29":0,"30":0,"31":0,"32":0,"33":0,"34":2,"35":4,"36":4,"37":0,"38":0,"39":4,"40":2,"41":2,"42":2,"43":2,"44":2,"45":2,"46":2,"47":0,"48":0,"49":0,"50":2,"51":0,"52":0,"53":0,"54":0,"55":0,"56":0,"57":0,"58":0,"59":0,"60":0,"61":0,"62":0,"63":0,"64":0,"65":0,"66":0,"67":0,"68":0,"69":0,"70":0,"71":0,"72":0,"73":0,"74":0,"75":0,"76":0,"77":0,"78":0,"79":0,"80":0,"81":0,"82":0,"83":0,"84":0,"85":0,"86":0,"87":0,"88":0,"89":1,"90":0,"91":1,"92":1},"b":{"1":[0,0],"2":[0,0],"3":[0,0],"4":[2,2],"5":[2,2],"6":[0,2],"7":[2,2],"8":[0,0],"9":[0,0],"10":[0,0],"11":[0,0],"12":[0,0],"13":[0,0],"14":[0,0],"15":[0,0],"16":[0,0],"17":[0,0],"18":[0,0],"19":[0,0],"20":[1,1,1],"21":[0,0,0],"22":[1,1]},"f":{"1":2,"2":2,"3":2,"4":0,"5":0,"6":0,"7":0,"8":0,"9":0,"10":0,"11":0,"12":0,"13":0,"14":0,"15":2,"16":4,"17":0,"18":2,"19":0,"20":0,"21":0,"22":0,"23":0,"24":0,"25":0,"26":1,"27":0,"28":1},"fnMap":{"1":{"name":"(anonymous_1)","line":31,"loc":{"start":{"line":31,"column":1},"end":{"line":31,"column":39}}},"2":{"name":"(anonymous_2)","line":49,"loc":{"start":{"line":49,"column":14},"end":{"line":49,"column":26}}},"3":{"name":"(anonymous_3)","line":62,"loc":{"start":{"line":62,"column":18},"end":{"line":62,"column":47}}},"4":{"name":"(anonymous_4)","line":74,"loc":{"start":{"line":74,"column":20},"end":{"line":74,"column":41}}},"5":{"name":"(anonymous_5)","line":75,"loc":{"start":{"line":75,"column":21},"end":{"line":75,"column":41}}},"6":{"name":"(anonymous_6)","line":88,"loc":{"start":{"line":88,"column":19},"end":{"line":88,"column":39}}},"7":{"name":"(anonymous_7)","line":103,"loc":{"start":{"line":103,"column":14},"end":{"line":103,"column":26}}},"8":{"name":"(anonymous_8)","line":113,"loc":{"start":{"line":113,"column":14},"end":{"line":113,"column":26}}},"9":{"name":"(anonymous_9)","line":124,"loc":{"start":{"line":124,"column":16},"end":{"line":124,"column":28}}},"10":{"name":"(anonymous_10)","line":134,"loc":{"start":{"line":134,"column":16},"end":{"line":134,"column":37}}},"11":{"name":"(anonymous_11)","line":145,"loc":{"start":{"line":145,"column":15},"end":{"line":145,"column":39}}},"12":{"name":"(anonymous_12)","line":157,"loc":{"start":{"line":157,"column":15},"end":{"line":157,"column":39}}},"13":{"name":"(anonymous_13)","line":170,"loc":{"start":{"line":170,"column":14},"end":{"line":170,"column":38}}},"14":{"name":"(anonymous_14)","line":184,"loc":{"start":{"line":184,"column":14},"end":{"line":184,"column":38}}},"15":{"name":"(anonymous_15)","line":200,"loc":{"start":{"line":200,"column":19},"end":{"line":200,"column":59}}},"16":{"name":"(anonymous_16)","line":202,"loc":{"start":{"line":202,"column":18},"end":{"line":202,"column":30}}},"17":{"name":"(anonymous_17)","line":206,"loc":{"start":{"line":206,"column":22},"end":{"line":206,"column":42}}},"18":{"name":"(anonymous_18)","line":229,"loc":{"start":{"line":229,"column":13},"end":{"line":229,"column":46}}},"19":{"name":"(anonymous_19)","line":263,"loc":{"start":{"line":263,"column":12},"end":{"line":263,"column":36}}},"20":{"name":"(anonymous_20)","line":286,"loc":{"start":{"line":286,"column":12},"end":{"line":286,"column":24}}},"21":{"name":"(anonymous_21)","line":300,"loc":{"start":{"line":300,"column":11},"end":{"line":300,"column":59}}},"22":{"name":"(anonymous_22)","line":310,"loc":{"start":{"line":310,"column":35},"end":{"line":310,"column":52}}},"23":{"name":"(anonymous_23)","line":328,"loc":{"start":{"line":328,"column":25},"end":{"line":328,"column":52}}},"24":{"name":"(anonymous_24)","line":332,"loc":{"start":{"line":332,"column":40},"end":{"line":332,"column":55}}},"25":{"name":"(anonymous_25)","line":356,"loc":{"start":{"line":356,"column":29},"end":{"line":356,"column":44}}},"26":{"name":"(anonymous_26)","line":391,"loc":{"start":{"line":391,"column":21},"end":{"line":391,"column":33}}},"27":{"name":"(anonymous_27)","line":402,"loc":{"start":{"line":402,"column":23},"end":{"line":402,"column":35}}},"28":{"name":"(anonymous_28)","line":413,"loc":{"start":{"line":413,"column":20},"end":{"line":413,"column":32}}}},"statementMap":{"1":{"start":{"line":4,"column":0},"end":{"line":4,"column":31}},"2":{"start":{"line":6,"column":0},"end":{"line":6,"column":38}},"3":{"start":{"line":7,"column":0},"end":{"line":7,"column":33}},"4":{"start":{"line":8,"column":0},"end":{"line":8,"column":30}},"5":{"start":{"line":10,"column":0},"end":{"line":10,"column":42}},"6":{"start":{"line":11,"column":0},"end":{"line":11,"column":44}},"7":{"start":{"line":21,"column":0},"end":{"line":416,"column":4}},"8":{"start":{"line":32,"column":2},"end":{"line":32,"column":17}},"9":{"start":{"line":34,"column":2},"end":{"line":34,"column":26}},"10":{"start":{"line":35,"column":2},"end":{"line":35,"column":27}},"11":{"start":{"line":36,"column":2},"end":{"line":36,"column":23}},"12":{"start":{"line":38,"column":2},"end":{"line":38,"column":20}},"13":{"start":{"line":40,"column":2},"end":{"line":40,"column":41}},"14":{"start":{"line":63,"column":3},"end":{"line":63,"column":71}},"15":{"start":{"line":75,"column":3},"end":{"line":77,"column":12}},"16":{"start":{"line":76,"column":4},"end":{"line":76,"column":35}},"17":{"start":{"line":78,"column":3},"end":{"line":78,"column":15}},"18":{"start":{"line":89,"column":3},"end":{"line":91,"column":4}},"19":{"start":{"line":90,"column":4},"end":{"line":90,"column":93}},"20":{"start":{"line":92,"column":3},"end":{"line":92,"column":38}},"21":{"start":{"line":93,"column":3},"end":{"line":93,"column":15}},"22":{"start":{"line":104,"column":3},"end":{"line":104,"column":24}},"23":{"start":{"line":114,"column":3},"end":{"line":114,"column":40}},"24":{"start":{"line":125,"column":3},"end":{"line":125,"column":26}},"25":{"start":{"line":135,"column":3},"end":{"line":135,"column":31}},"26":{"start":{"line":146,"column":3},"end":{"line":146,"column":39}},"27":{"start":{"line":147,"column":3},"end":{"line":147,"column":34}},"28":{"start":{"line":158,"column":3},"end":{"line":158,"column":39}},"29":{"start":{"line":159,"column":3},"end":{"line":159,"column":36}},"30":{"start":{"line":171,"column":3},"end":{"line":172,"column":46}},"31":{"start":{"line":174,"column":3},"end":{"line":174,"column":74}},"32":{"start":{"line":185,"column":3},"end":{"line":186,"column":46}},"33":{"start":{"line":188,"column":3},"end":{"line":188,"column":90}},"34":{"start":{"line":202,"column":3},"end":{"line":214,"column":36}},"35":{"start":{"line":204,"column":4},"end":{"line":204,"column":25}},"36":{"start":{"line":206,"column":4},"end":{"line":210,"column":13}},"37":{"start":{"line":207,"column":5},"end":{"line":209,"column":6}},"38":{"start":{"line":208,"column":6},"end":{"line":208,"column":57}},"39":{"start":{"line":212,"column":4},"end":{"line":212,"column":21}},"40":{"start":{"line":216,"column":3},"end":{"line":216,"column":15}},"41":{"start":{"line":231,"column":3},"end":{"line":232,"column":11}},"42":{"start":{"line":234,"column":3},"end":{"line":234,"column":30}},"43":{"start":{"line":235,"column":3},"end":{"line":235,"column":30}},"44":{"start":{"line":237,"column":3},"end":{"line":237,"column":17}},"45":{"start":{"line":238,"column":3},"end":{"line":250,"column":4}},"46":{"start":{"line":242,"column":4},"end":{"line":249,"column":5}},"47":{"start":{"line":244,"column":5},"end":{"line":246,"column":6}},"48":{"start":{"line":245,"column":6},"end":{"line":245,"column":61}},"49":{"start":{"line":248,"column":5},"end":{"line":248,"column":39}},"50":{"start":{"line":252,"column":3},"end":{"line":252,"column":15}},"51":{"start":{"line":264,"column":3},"end":{"line":264,"column":15}},"52":{"start":{"line":266,"column":3},"end":{"line":270,"column":4}},"53":{"start":{"line":267,"column":4},"end":{"line":267,"column":44}},"54":{"start":{"line":269,"column":4},"end":{"line":269,"column":32}},"55":{"start":{"line":272,"column":3},"end":{"line":276,"column":4}},"56":{"start":{"line":273,"column":4},"end":{"line":273,"column":30}},"57":{"start":{"line":275,"column":4},"end":{"line":275,"column":47}},"58":{"start":{"line":287,"column":3},"end":{"line":287,"column":13}},"59":{"start":{"line":302,"column":3},"end":{"line":304,"column":27}},"60":{"start":{"line":306,"column":3},"end":{"line":306,"column":41}},"61":{"start":{"line":308,"column":3},"end":{"line":308,"column":68}},"62":{"start":{"line":310,"column":3},"end":{"line":316,"column":6}},"63":{"start":{"line":311,"column":4},"end":{"line":315,"column":5}},"64":{"start":{"line":312,"column":5},"end":{"line":312,"column":29}},"65":{"start":{"line":314,"column":5},"end":{"line":314,"column":18}},"66":{"start":{"line":318,"column":3},"end":{"line":318,"column":27}},"67":{"start":{"line":319,"column":3},"end":{"line":319,"column":47}},"68":{"start":{"line":320,"column":3},"end":{"line":320,"column":45}},"69":{"start":{"line":322,"column":3},"end":{"line":322,"column":87}},"70":{"start":{"line":323,"column":3},"end":{"line":325,"column":4}},"71":{"start":{"line":324,"column":4},"end":{"line":324,"column":59}},"72":{"start":{"line":326,"column":3},"end":{"line":326,"column":66}},"73":{"start":{"line":328,"column":3},"end":{"line":370,"column":6}},"74":{"start":{"line":330,"column":4},"end":{"line":369,"column":5}},"75":{"start":{"line":332,"column":5},"end":{"line":365,"column":8}},"76":{"start":{"line":334,"column":6},"end":{"line":334,"column":17}},"77":{"start":{"line":336,"column":6},"end":{"line":338,"column":7}},"78":{"start":{"line":337,"column":7},"end":{"line":337,"column":17}},"79":{"start":{"line":341,"column":6},"end":{"line":348,"column":7}},"80":{"start":{"line":342,"column":7},"end":{"line":347,"column":10}},"81":{"start":{"line":351,"column":6},"end":{"line":353,"column":7}},"82":{"start":{"line":352,"column":7},"end":{"line":352,"column":63}},"83":{"start":{"line":356,"column":6},"end":{"line":364,"column":9}},"84":{"start":{"line":358,"column":7},"end":{"line":360,"column":8}},"85":{"start":{"line":359,"column":8},"end":{"line":359,"column":18}},"86":{"start":{"line":362,"column":7},"end":{"line":362,"column":21}},"87":{"start":{"line":368,"column":5},"end":{"line":368,"column":17}},"88":{"start":{"line":372,"column":3},"end":{"line":372,"column":18}},"89":{"start":{"line":392,"column":3},"end":{"line":392,"column":88}},"90":{"start":{"line":403,"column":3},"end":{"line":403,"column":94}},"91":{"start":{"line":414,"column":3},"end":{"line":414,"column":55}},"92":{"start":{"line":418,"column":0},"end":{"line":418,"column":28}}},"branchMap":{"1":{"line":89,"type":"if","locations":[{"start":{"line":89,"column":3},"end":{"line":89,"column":3}},{"start":{"line":89,"column":3},"end":{"line":89,"column":3}}]},"2":{"line":207,"type":"if","locations":[{"start":{"line":207,"column":5},"end":{"line":207,"column":5}},{"start":{"line":207,"column":5},"end":{"line":207,"column":5}}]},"3":{"line":208,"type":"binary-expr","locations":[{"start":{"line":208,"column":18},"end":{"line":208,"column":27}},{"start":{"line":208,"column":31},"end":{"line":208,"column":56}}]},"4":{"line":234,"type":"binary-expr","locations":[{"start":{"line":234,"column":13},"end":{"line":234,"column":20}},{"start":{"line":234,"column":24},"end":{"line":234,"column":29}}]},"5":{"line":235,"type":"binary-expr","locations":[{"start":{"line":235,"column":14},"end":{"line":235,"column":22}},{"start":{"line":235,"column":26},"end":{"line":235,"column":29}}]},"6":{"line":238,"type":"if","locations":[{"start":{"line":238,"column":3},"end":{"line":238,"column":3}},{"start":{"line":238,"column":3},"end":{"line":238,"column":3}}]},"7":{"line":238,"type":"binary-expr","locations":[{"start":{"line":238,"column":7},"end":{"line":238,"column":13}},{"start":{"line":238,"column":17},"end":{"line":238,"column":28}}]},"8":{"line":244,"type":"if","locations":[{"start":{"line":244,"column":5},"end":{"line":244,"column":5}},{"start":{"line":244,"column":5},"end":{"line":244,"column":5}}]},"9":{"line":266,"type":"if","locations":[{"start":{"line":266,"column":3},"end":{"line":266,"column":3}},{"start":{"line":266,"column":3},"end":{"line":266,"column":3}}]},"10":{"line":272,"type":"if","locations":[{"start":{"line":272,"column":3},"end":{"line":272,"column":3}},{"start":{"line":272,"column":3},"end":{"line":272,"column":3}}]},"11":{"line":306,"type":"binary-expr","locations":[{"start":{"line":306,"column":27},"end":{"line":306,"column":31}},{"start":{"line":306,"column":35},"end":{"line":306,"column":39}}]},"12":{"line":308,"type":"binary-expr","locations":[{"start":{"line":308,"column":41},"end":{"line":308,"column":60}},{"start":{"line":308,"column":64},"end":{"line":308,"column":66}}]},"13":{"line":311,"type":"if","locations":[{"start":{"line":311,"column":4},"end":{"line":311,"column":4}},{"start":{"line":311,"column":4},"end":{"line":311,"column":4}}]},"14":{"line":322,"type":"binary-expr","locations":[{"start":{"line":322,"column":67},"end":{"line":322,"column":69}},{"start":{"line":322,"column":73},"end":{"line":322,"column":76}}]},"15":{"line":323,"type":"if","locations":[{"start":{"line":323,"column":3},"end":{"line":323,"column":3}},{"start":{"line":323,"column":3},"end":{"line":323,"column":3}}]},"16":{"line":336,"type":"if","locations":[{"start":{"line":336,"column":6},"end":{"line":336,"column":6}},{"start":{"line":336,"column":6},"end":{"line":336,"column":6}}]},"17":{"line":351,"type":"if","locations":[{"start":{"line":351,"column":6},"end":{"line":351,"column":6}},{"start":{"line":351,"column":6},"end":{"line":351,"column":6}}]},"18":{"line":351,"type":"binary-expr","locations":[{"start":{"line":351,"column":11},"end":{"line":351,"column":28}},{"start":{"line":351,"column":34},"end":{"line":351,"column":52}}]},"19":{"line":358,"type":"if","locations":[{"start":{"line":358,"column":7},"end":{"line":358,"column":7}},{"start":{"line":358,"column":7},"end":{"line":358,"column":7}}]},"20":{"line":392,"type":"binary-expr","locations":[{"start":{"line":392,"column":10},"end":{"line":392,"column":30}},{"start":{"line":392,"column":34},"end":{"line":392,"column":56}},{"start":{"line":392,"column":60},"end":{"line":392,"column":87}}]},"21":{"line":403,"type":"binary-expr","locations":[{"start":{"line":403,"column":10},"end":{"line":403,"column":32}},{"start":{"line":403,"column":36},"end":{"line":403,"column":60}},{"start":{"line":403,"column":64},"end":{"line":403,"column":93}}]},"22":{"line":414,"type":"binary-expr","locations":[{"start":{"line":414,"column":10},"end":{"line":414,"column":29}},{"start":{"line":414,"column":33},"end":{"line":414,"column":54}}]}}},"/Users/erz/test/hodman/lib/pageObjects/genericPageObject.js":{"path":"/Users/erz/test/hodman/lib/pageObjects/genericPageObject.js","s":{"1":1,"2":1,"3":1,"4":1,"5":0,"6":0,"7":0,"8":0,"9":0,"10":0,"11":0,"12":0,"13":0,"14":0,"15":0,"16":0,"17":0,"18":0,"19":0,"20":1},"b":{"1":[0,0],"2":[0,0],"3":[0,0]},"f":{"1":0,"2":0,"3":0,"4":0},"fnMap":{"1":{"name":"(anonymous_1)","line":26,"loc":{"start":{"line":26,"column":1},"end":{"line":26,"column":58}}},"2":{"name":"(anonymous_2)","line":44,"loc":{"start":{"line":44,"column":18},"end":{"line":44,"column":47}}},"3":{"name":"(anonymous_3)","line":52,"loc":{"start":{"line":52,"column":19},"end":{"line":52,"column":31}}},"4":{"name":"(anonymous_4)","line":85,"loc":{"start":{"line":85,"column":12},"end":{"line":85,"column":69}}}},"statementMap":{"1":{"start":{"line":4,"column":0},"end":{"line":4,"column":41}},"2":{"start":{"line":5,"column":0},"end":{"line":5,"column":43}},"3":{"start":{"line":6,"column":0},"end":{"line":6,"column":30}},"4":{"start":{"line":15,"column":0},"end":{"line":90,"column":4}},"5":{"start":{"line":28,"column":2},"end":{"line":28,"column":38}},"6":{"start":{"line":29,"column":2},"end":{"line":29,"column":34}},"7":{"start":{"line":31,"column":2},"end":{"line":31,"column":40}},"8":{"start":{"line":46,"column":3},"end":{"line":47,"column":36}},"9":{"start":{"line":49,"column":3},"end":{"line":49,"column":46}},"10":{"start":{"line":51,"column":3},"end":{"line":60,"column":4}},"11":{"start":{"line":52,"column":4},"end":{"line":59,"column":37}},"12":{"start":{"line":53,"column":5},"end":{"line":53,"column":49}},"13":{"start":{"line":55,"column":5},"end":{"line":57,"column":6}},"14":{"start":{"line":56,"column":6},"end":{"line":56,"column":44}},"15":{"start":{"line":58,"column":5},"end":{"line":58,"column":37}},"16":{"start":{"line":62,"column":3},"end":{"line":62,"column":42}},"17":{"start":{"line":86,"column":3},"end":{"line":86,"column":20}},"18":{"start":{"line":87,"column":3},"end":{"line":87,"column":59}},"19":{"start":{"line":88,"column":3},"end":{"line":88,"column":67}},"20":{"start":{"line":92,"column":0},"end":{"line":92,"column":35}}},"branchMap":{"1":{"line":49,"type":"binary-expr","locations":[{"start":{"line":49,"column":17},"end":{"line":49,"column":28}},{"start":{"line":49,"column":32},"end":{"line":49,"column":45}}]},"2":{"line":51,"type":"if","locations":[{"start":{"line":51,"column":3},"end":{"line":51,"column":3}},{"start":{"line":51,"column":3},"end":{"line":51,"column":3}}]},"3":{"line":55,"type":"if","locations":[{"start":{"line":55,"column":5},"end":{"line":55,"column":5}},{"start":{"line":55,"column":5},"end":{"line":55,"column":5}}]}}},"/Users/erz/test/hodman/lib/pageObjects/panelObject.js":{"path":"/Users/erz/test/hodman/lib/pageObjects/panelObject.js","s":{"1":1,"2":1,"3":0,"4":0,"5":0,"6":0,"7":0,"8":0,"9":0,"10":0,"11":0,"12":0,"13":0,"14":0,"15":0,"16":1},"b":{"1":[0,0],"2":[0,0],"3":[0,0],"4":[0,0],"5":[0,0],"6":[0,0]},"f":{"1":0,"2":0,"3":0},"fnMap":{"1":{"name":"(anonymous_1)","line":20,"loc":{"start":{"line":20,"column":1},"end":{"line":20,"column":36}}},"2":{"name":"(anonymous_2)","line":35,"loc":{"start":{"line":35,"column":24},"end":{"line":35,"column":62}}},"3":{"name":"(anonymous_3)","line":43,"loc":{"start":{"line":43,"column":19},"end":{"line":43,"column":31}}}},"statementMap":{"1":{"start":{"line":4,"column":0},"end":{"line":4,"column":41}},"2":{"start":{"line":10,"column":0},"end":{"line":80,"column":4}},"3":{"start":{"line":21,"column":2},"end":{"line":21,"column":86}},"4":{"start":{"line":36,"column":3},"end":{"line":37,"column":13}},"5":{"start":{"line":39,"column":3},"end":{"line":39,"column":59}},"6":{"start":{"line":41,"column":3},"end":{"line":60,"column":4}},"7":{"start":{"line":43,"column":4},"end":{"line":46,"column":26}},"8":{"start":{"line":44,"column":5},"end":{"line":44,"column":46}},"9":{"start":{"line":45,"column":5},"end":{"line":45,"column":32}},"10":{"start":{"line":48,"column":4},"end":{"line":56,"column":5}},"11":{"start":{"line":49,"column":5},"end":{"line":49,"column":24}},"12":{"start":{"line":51,"column":11},"end":{"line":56,"column":5}},"13":{"start":{"line":52,"column":5},"end":{"line":52,"column":89}},"14":{"start":{"line":55,"column":5},"end":{"line":55,"column":93}},"15":{"start":{"line":59,"column":4},"end":{"line":59,"column":19}},"16":{"start":{"line":82,"column":0},"end":{"line":82,"column":29}}},"branchMap":{"1":{"line":39,"type":"binary-expr","locations":[{"start":{"line":39,"column":13},"end":{"line":39,"column":20}},{"start":{"line":39,"column":24},"end":{"line":39,"column":58}}]},"2":{"line":41,"type":"if","locations":[{"start":{"line":41,"column":3},"end":{"line":41,"column":3}},{"start":{"line":41,"column":3},"end":{"line":41,"column":3}}]},"3":{"line":48,"type":"if","locations":[{"start":{"line":48,"column":4},"end":{"line":48,"column":4}},{"start":{"line":48,"column":4},"end":{"line":48,"column":4}}]},"4":{"line":48,"type":"binary-expr","locations":[{"start":{"line":48,"column":8},"end":{"line":48,"column":16}},{"start":{"line":48,"column":20},"end":{"line":48,"column":41}}]},"5":{"line":51,"type":"if","locations":[{"start":{"line":51,"column":11},"end":{"line":51,"column":11}},{"start":{"line":51,"column":11},"end":{"line":51,"column":11}}]},"6":{"line":51,"type":"binary-expr","locations":[{"start":{"line":51,"column":15},"end":{"line":51,"column":23}},{"start":{"line":51,"column":27},"end":{"line":51,"column":46}}]}}},"/Users/erz/test/hodman/lib/pageObjects/viewObject.js":{"path":"/Users/erz/test/hodman/lib/pageObjects/viewObject.js","s":{"1":1,"2":1,"3":1},"b":{},"f":{},"fnMap":{},"statementMap":{"1":{"start":{"line":4,"column":0},"end":{"line":4,"column":41}},"2":{"start":{"line":10,"column":0},"end":{"line":22,"column":2}},"3":{"start":{"line":24,"column":0},"end":{"line":24,"column":28}}},"branchMap":{}},"/Users/erz/test/hodman/lib/pageObjects/pageObject.js":{"path":"/Users/erz/test/hodman/lib/pageObjects/pageObject.js","s":{"1":1,"2":1,"3":1,"4":1,"5":1,"6":0,"7":0,"8":0,"9":0,"10":0,"11":0,"12":0,"13":0,"14":0,"15":0,"16":0,"17":0,"18":0,"19":0,"20":0,"21":0,"22":1},"b":{"1":[0,0],"2":[0,0],"3":[0,0]},"f":{"1":0,"2":0,"3":0,"4":0,"5":0,"6":0,"7":0,"8":0},"fnMap":{"1":{"name":"(anonymous_1)","line":22,"loc":{"start":{"line":22,"column":1},"end":{"line":22,"column":30}}},"2":{"name":"(anonymous_2)","line":35,"loc":{"start":{"line":35,"column":18},"end":{"line":35,"column":47}}},"3":{"name":"(anonymous_3)","line":40,"loc":{"start":{"line":40,"column":19},"end":{"line":40,"column":31}}},"4":{"name":"(anonymous_4)","line":103,"loc":{"start":{"line":103,"column":12},"end":{"line":103,"column":41}}},"5":{"name":"(anonymous_5)","line":117,"loc":{"start":{"line":117,"column":14},"end":{"line":117,"column":26}}},"6":{"name":"(anonymous_6)","line":128,"loc":{"start":{"line":128,"column":20},"end":{"line":128,"column":32}}},"7":{"name":"(anonymous_7)","line":139,"loc":{"start":{"line":139,"column":10},"end":{"line":139,"column":22}}},"8":{"name":"(anonymous_8)","line":150,"loc":{"start":{"line":150,"column":18},"end":{"line":150,"column":30}}}},"statementMap":{"1":{"start":{"line":4,"column":0},"end":{"line":4,"column":41}},"2":{"start":{"line":5,"column":0},"end":{"line":5,"column":43}},"3":{"start":{"line":6,"column":0},"end":{"line":6,"column":44}},"4":{"start":{"line":7,"column":0},"end":{"line":7,"column":30}},"5":{"start":{"line":13,"column":0},"end":{"line":153,"column":4}},"6":{"start":{"line":23,"column":2},"end":{"line":23,"column":40}},"7":{"start":{"line":37,"column":3},"end":{"line":37,"column":55}},"8":{"start":{"line":39,"column":3},"end":{"line":48,"column":4}},"9":{"start":{"line":40,"column":4},"end":{"line":47,"column":37}},"10":{"start":{"line":41,"column":5},"end":{"line":41,"column":49}},"11":{"start":{"line":43,"column":5},"end":{"line":45,"column":6}},"12":{"start":{"line":44,"column":6},"end":{"line":44,"column":44}},"13":{"start":{"line":46,"column":5},"end":{"line":46,"column":37}},"14":{"start":{"line":50,"column":3},"end":{"line":50,"column":42}},"15":{"start":{"line":104,"column":3},"end":{"line":104,"column":20}},"16":{"start":{"line":105,"column":3},"end":{"line":105,"column":69}},"17":{"start":{"line":106,"column":3},"end":{"line":106,"column":39}},"18":{"start":{"line":118,"column":3},"end":{"line":118,"column":20}},"19":{"start":{"line":129,"column":3},"end":{"line":129,"column":63}},"20":{"start":{"line":140,"column":3},"end":{"line":140,"column":19}},"21":{"start":{"line":151,"column":3},"end":{"line":151,"column":55}},"22":{"start":{"line":155,"column":0},"end":{"line":155,"column":28}}},"branchMap":{"1":{"line":39,"type":"if","locations":[{"start":{"line":39,"column":3},"end":{"line":39,"column":3}},{"start":{"line":39,"column":3},"end":{"line":39,"column":3}}]},"2":{"line":43,"type":"if","locations":[{"start":{"line":43,"column":5},"end":{"line":43,"column":5}},{"start":{"line":43,"column":5},"end":{"line":43,"column":5}}]},"3":{"line":151,"type":"binary-expr","locations":[{"start":{"line":151,"column":10},"end":{"line":151,"column":27}},{"start":{"line":151,"column":31},"end":{"line":151,"column":54}}]}}},"/Users/erz/test/hodman/lib/service/endPoint.js":{"path":"/Users/erz/test/hodman/lib/service/endPoint.js","s":{"1":1,"2":1,"3":1,"4":1,"5":1,"6":1,"7":0,"8":0,"9":0,"10":0,"11":0,"12":0,"13":0,"14":0,"15":0,"16":0,"17":0,"18":0,"19":0,"20":0,"21":0,"22":0,"23":0,"24":0,"25":0,"26":0,"27":0,"28":0,"29":0,"30":0,"31":0,"32":0,"33":0,"34":0,"35":0,"36":0,"37":0,"38":0,"39":0,"40":0,"41":0,"42":0,"43":0,"44":0,"45":0,"46":0,"47":0,"48":0,"49":1},"b":{"1":[0,0],"2":[0,0],"3":[0,0],"4":[0,0],"5":[0,0],"6":[0,0]},"f":{"1":0,"2":0,"3":0,"4":0,"5":0,"6":0,"7":0,"8":0,"9":0,"10":0,"11":0,"12":0,"13":0,"14":0,"15":0,"16":0,"17":0,"18":0,"19":0},"fnMap":{"1":{"name":"(anonymous_1)","line":24,"loc":{"start":{"line":24,"column":25},"end":{"line":24,"column":37}}},"2":{"name":"(anonymous_2)","line":34,"loc":{"start":{"line":34,"column":23},"end":{"line":34,"column":35}}},"3":{"name":"(anonymous_3)","line":45,"loc":{"start":{"line":45,"column":13},"end":{"line":45,"column":25}}},"4":{"name":"(anonymous_4)","line":56,"loc":{"start":{"line":56,"column":12},"end":{"line":56,"column":29}}},"5":{"name":"(anonymous_5)","line":67,"loc":{"start":{"line":67,"column":16},"end":{"line":67,"column":33}}},"6":{"name":"(anonymous_6)","line":84,"loc":{"start":{"line":84,"column":12},"end":{"line":84,"column":29}}},"7":{"name":"(anonymous_7)","line":97,"loc":{"start":{"line":97,"column":12},"end":{"line":97,"column":38}}},"8":{"name":"(anonymous_8)","line":113,"loc":{"start":{"line":113,"column":13},"end":{"line":113,"column":39}}},"9":{"name":"(anonymous_9)","line":129,"loc":{"start":{"line":129,"column":20},"end":{"line":129,"column":32}}},"10":{"name":"(anonymous_10)","line":145,"loc":{"start":{"line":145,"column":14},"end":{"line":145,"column":28}}},"11":{"name":"(anonymous_11)","line":147,"loc":{"start":{"line":147,"column":53},"end":{"line":147,"column":65}}},"12":{"name":"(anonymous_12)","line":159,"loc":{"start":{"line":159,"column":15},"end":{"line":159,"column":34}}},"13":{"name":"(anonymous_13)","line":168,"loc":{"start":{"line":168,"column":16},"end":{"line":168,"column":31}}},"14":{"name":"(anonymous_14)","line":175,"loc":{"start":{"line":175,"column":57},"end":{"line":175,"column":73}}},"15":{"name":"(anonymous_15)","line":191,"loc":{"start":{"line":191,"column":11},"end":{"line":191,"column":25}}},"16":{"name":"(anonymous_16)","line":194,"loc":{"start":{"line":194,"column":57},"end":{"line":194,"column":73}}},"17":{"name":"(anonymous_17)","line":211,"loc":{"start":{"line":211,"column":14},"end":{"line":211,"column":40}}},"18":{"name":"(anonymous_18)","line":220,"loc":{"start":{"line":220,"column":16},"end":{"line":220,"column":31}}},"19":{"name":"(anonymous_19)","line":227,"loc":{"start":{"line":227,"column":57},"end":{"line":227,"column":73}}}},"statementMap":{"1":{"start":{"line":1,"column":0},"end":{"line":1,"column":56}},"2":{"start":{"line":3,"column":0},"end":{"line":3,"column":44}},"3":{"start":{"line":4,"column":0},"end":{"line":4,"column":38}},"4":{"start":{"line":5,"column":0},"end":{"line":5,"column":36}},"5":{"start":{"line":7,"column":0},"end":{"line":7,"column":30}},"6":{"start":{"line":15,"column":0},"end":{"line":260,"column":2}},"7":{"start":{"line":25,"column":3},"end":{"line":25,"column":48}},"8":{"start":{"line":35,"column":3},"end":{"line":35,"column":46}},"9":{"start":{"line":46,"column":3},"end":{"line":46,"column":42}},"10":{"start":{"line":57,"column":3},"end":{"line":57,"column":51}},"11":{"start":{"line":69,"column":3},"end":{"line":71,"column":4}},"12":{"start":{"line":70,"column":4},"end":{"line":70,"column":59}},"13":{"start":{"line":73,"column":3},"end":{"line":73,"column":41}},"14":{"start":{"line":85,"column":3},"end":{"line":85,"column":49}},"15":{"start":{"line":86,"column":3},"end":{"line":86,"column":52}},"16":{"start":{"line":98,"column":3},"end":{"line":99,"column":42}},"17":{"start":{"line":101,"column":3},"end":{"line":101,"column":46}},"18":{"start":{"line":102,"column":3},"end":{"line":102,"column":41}},"19":{"start":{"line":114,"column":3},"end":{"line":115,"column":43}},"20":{"start":{"line":117,"column":3},"end":{"line":117,"column":46}},"21":{"start":{"line":118,"column":3},"end":{"line":118,"column":41}},"22":{"start":{"line":130,"column":3},"end":{"line":134,"column":5}},"23":{"start":{"line":146,"column":3},"end":{"line":146,"column":91}},"24":{"start":{"line":147,"column":3},"end":{"line":149,"column":6}},"25":{"start":{"line":148,"column":4},"end":{"line":148,"column":14}},"26":{"start":{"line":160,"column":3},"end":{"line":163,"column":32}},"27":{"start":{"line":165,"column":3},"end":{"line":167,"column":4}},"28":{"start":{"line":166,"column":4},"end":{"line":166,"column":15}},"29":{"start":{"line":168,"column":3},"end":{"line":170,"column":12}},"30":{"start":{"line":169,"column":4},"end":{"line":169,"column":91}},"31":{"start":{"line":171,"column":3},"end":{"line":173,"column":4}},"32":{"start":{"line":172,"column":4},"end":{"line":172,"column":32}},"33":{"start":{"line":175,"column":3},"end":{"line":181,"column":17}},"34":{"start":{"line":176,"column":4},"end":{"line":178,"column":54}},"35":{"start":{"line":180,"column":4},"end":{"line":180,"column":22}},"36":{"start":{"line":192,"column":3},"end":{"line":192,"column":91}},"37":{"start":{"line":194,"column":3},"end":{"line":200,"column":17}},"38":{"start":{"line":195,"column":4},"end":{"line":197,"column":54}},"39":{"start":{"line":199,"column":4},"end":{"line":199,"column":34}},"40":{"start":{"line":212,"column":3},"end":{"line":217,"column":32}},"41":{"start":{"line":219,"column":3},"end":{"line":219,"column":22}},"42":{"start":{"line":220,"column":3},"end":{"line":222,"column":12}},"43":{"start":{"line":221,"column":4},"end":{"line":221,"column":91}},"44":{"start":{"line":223,"column":3},"end":{"line":225,"column":4}},"45":{"start":{"line":224,"column":4},"end":{"line":224,"column":32}},"46":{"start":{"line":227,"column":3},"end":{"line":233,"column":17}},"47":{"start":{"line":228,"column":4},"end":{"line":230,"column":54}},"48":{"start":{"line":232,"column":4},"end":{"line":232,"column":22}},"49":{"start":{"line":262,"column":0},"end":{"line":262,"column":33}}},"branchMap":{"1":{"line":69,"type":"if","locations":[{"start":{"line":69,"column":3},"end":{"line":69,"column":3}},{"start":{"line":69,"column":3},"end":{"line":69,"column":3}}]},"2":{"line":162,"type":"binary-expr","locations":[{"start":{"line":162,"column":19},"end":{"line":162,"column":26}},{"start":{"line":162,"column":30},"end":{"line":162,"column":32}}]},"3":{"line":165,"type":"if","locations":[{"start":{"line":165,"column":3},"end":{"line":165,"column":3}},{"start":{"line":165,"column":3},"end":{"line":165,"column":3}}]},"4":{"line":171,"type":"if","locations":[{"start":{"line":171,"column":3},"end":{"line":171,"column":3}},{"start":{"line":171,"column":3},"end":{"line":171,"column":3}}]},"5":{"line":214,"type":"binary-expr","locations":[{"start":{"line":214,"column":19},"end":{"line":214,"column":26}},{"start":{"line":214,"column":30},"end":{"line":216,"column":5}}]},"6":{"line":223,"type":"if","locations":[{"start":{"line":223,"column":3},"end":{"line":223,"column":3}},{"start":{"line":223,"column":3},"end":{"line":223,"column":3}}]}}},"/Users/erz/test/hodman/lib/service/abstract/serviceObject.js":{"path":"/Users/erz/test/hodman/lib/service/abstract/serviceObject.js","s":{"1":1,"2":1,"3":0,"4":0,"5":1},"b":{},"f":{"1":0,"2":0},"fnMap":{"1":{"name":"(anonymous_1)","line":14,"loc":{"start":{"line":14,"column":1},"end":{"line":14,"column":20}}},"2":{"name":"(anonymous_2)","line":25,"loc":{"start":{"line":25,"column":14},"end":{"line":25,"column":26}}}},"statementMap":{"1":{"start":{"line":1,"column":0},"end":{"line":1,"column":44}},"2":{"start":{"line":7,"column":0},"end":{"line":37,"column":2}},"3":{"start":{"line":15,"column":2},"end":{"line":15,"column":24}},"4":{"start":{"line":26,"column":3},"end":{"line":26,"column":36}},"5":{"start":{"line":39,"column":0},"end":{"line":39,"column":31}}},"branchMap":{}},"/Users/erz/test/hodman/lib/service/abstract/object.js":{"path":"/Users/erz/test/hodman/lib/service/abstract/object.js","s":{"1":1,"2":1,"3":0,"4":0,"5":0,"6":0,"7":0,"8":1},"b":{},"f":{"1":0,"2":0,"3":0,"4":0},"fnMap":{"1":{"name":"(anonymous_1)","line":16,"loc":{"start":{"line":16,"column":1},"end":{"line":16,"column":20}}},"2":{"name":"(anonymous_2)","line":30,"loc":{"start":{"line":30,"column":14},"end":{"line":30,"column":26}}},"3":{"name":"(anonymous_3)","line":41,"loc":{"start":{"line":41,"column":14},"end":{"line":41,"column":26}}},"4":{"name":"(anonymous_4)","line":51,"loc":{"start":{"line":51,"column":14},"end":{"line":51,"column":26}}}},"statementMap":{"1":{"start":{"line":1,"column":0},"end":{"line":1,"column":42}},"2":{"start":{"line":9,"column":0},"end":{"line":63,"column":2}},"3":{"start":{"line":17,"column":2},"end":{"line":17,"column":17}},"4":{"start":{"line":19,"column":2},"end":{"line":19,"column":26}},"5":{"start":{"line":21,"column":2},"end":{"line":21,"column":20}},"6":{"start":{"line":42,"column":3},"end":{"line":42,"column":24}},"7":{"start":{"line":52,"column":3},"end":{"line":52,"column":36}},"8":{"start":{"line":65,"column":0},"end":{"line":65,"column":35}}},"branchMap":{}},"/Users/erz/test/hodman/lib/service/newEntry.js":{"path":"/Users/erz/test/hodman/lib/service/newEntry.js","s":{"1":1,"2":1,"3":1,"4":0,"5":0,"6":0,"7":0,"8":0,"9":0,"10":0,"11":0,"12":0,"13":0,"14":0,"15":0,"16":0,"17":0,"18":1},"b":{"1":[0,0],"2":[0,0],"3":[0,0]},"f":{"1":0,"2":0,"3":0,"4":0,"5":0,"6":0},"fnMap":{"1":{"name":"(anonymous_1)","line":17,"loc":{"start":{"line":17,"column":1},"end":{"line":17,"column":27}}},"2":{"name":"(anonymous_2)","line":32,"loc":{"start":{"line":32,"column":12},"end":{"line":32,"column":29}}},"3":{"name":"(anonymous_3)","line":46,"loc":{"start":{"line":46,"column":12},"end":{"line":46,"column":36}}},"4":{"name":"(anonymous_4)","line":60,"loc":{"start":{"line":60,"column":13},"end":{"line":60,"column":31}}},"5":{"name":"(anonymous_5)","line":71,"loc":{"start":{"line":71,"column":8},"end":{"line":71,"column":20}}},"6":{"name":"(anonymous_6)","line":80,"loc":{"start":{"line":80,"column":64},"end":{"line":80,"column":80}}}},"statementMap":{"1":{"start":{"line":1,"column":0},"end":{"line":1,"column":65}},"2":{"start":{"line":2,"column":0},"end":{"line":2,"column":44}},"3":{"start":{"line":10,"column":0},"end":{"line":97,"column":2}},"4":{"start":{"line":19,"column":2},"end":{"line":19,"column":28}},"5":{"start":{"line":21,"column":2},"end":{"line":21,"column":24}},"6":{"start":{"line":33,"column":3},"end":{"line":35,"column":4}},"7":{"start":{"line":34,"column":4},"end":{"line":34,"column":61}},"8":{"start":{"line":36,"column":3},"end":{"line":36,"column":29}},"9":{"start":{"line":47,"column":3},"end":{"line":49,"column":4}},"10":{"start":{"line":48,"column":4},"end":{"line":48,"column":61}},"11":{"start":{"line":50,"column":3},"end":{"line":50,"column":30}},"12":{"start":{"line":61,"column":3},"end":{"line":62,"column":2}},"13":{"start":{"line":72,"column":3},"end":{"line":76,"column":14}},"14":{"start":{"line":78,"column":3},"end":{"line":78,"column":42}},"15":{"start":{"line":80,"column":3},"end":{"line":86,"column":17}},"16":{"start":{"line":81,"column":4},"end":{"line":83,"column":54}},"17":{"start":{"line":85,"column":4},"end":{"line":85,"column":36}},"18":{"start":{"line":99,"column":0},"end":{"line":99,"column":33}}},"branchMap":{"1":{"line":19,"type":"binary-expr","locations":[{"start":{"line":19,"column":16},"end":{"line":19,"column":21}},{"start":{"line":19,"column":25},"end":{"line":19,"column":27}}]},"2":{"line":33,"type":"if","locations":[{"start":{"line":33,"column":3},"end":{"line":33,"column":3}},{"start":{"line":33,"column":3},"end":{"line":33,"column":3}}]},"3":{"line":47,"type":"if","locations":[{"start":{"line":47,"column":3},"end":{"line":47,"column":3}},{"start":{"line":47,"column":3},"end":{"line":47,"column":3}}]}}},"/Users/erz/test/hodman/lib/service/abstract/endPointObject.js":{"path":"/Users/erz/test/hodman/lib/service/abstract/endPointObject.js","s":{"1":1,"2":1,"3":0,"4":0,"5":1},"b":{},"f":{"1":0,"2":0},"fnMap":{"1":{"name":"(anonymous_1)","line":14,"loc":{"start":{"line":14,"column":1},"end":{"line":14,"column":20}}},"2":{"name":"(anonymous_2)","line":25,"loc":{"start":{"line":25,"column":15},"end":{"line":25,"column":27}}}},"statementMap":{"1":{"start":{"line":1,"column":0},"end":{"line":1,"column":47}},"2":{"start":{"line":7,"column":0},"end":{"line":37,"column":2}},"3":{"start":{"line":15,"column":2},"end":{"line":15,"column":24}},"4":{"start":{"line":26,"column":3},"end":{"line":26,"column":37}},"5":{"start":{"line":39,"column":0},"end":{"line":39,"column":39}}},"branchMap":{}},"/Users/erz/test/hodman/lib/service/entry.js":{"path":"/Users/erz/test/hodman/lib/service/entry.js","s":{"1":1,"2":1,"3":1,"4":0,"5":0,"6":0,"7":0,"8":0,"9":0,"10":0,"11":0,"12":0,"13":0,"14":0,"15":0,"16":0,"17":0,"18":0,"19":0,"20":0,"21":0,"22":0,"23":0,"24":0,"25":0,"26":0,"27":0,"28":1},"b":{"1":[0,0],"2":[0,0],"3":[0,0],"4":[0,0],"5":[0,0],"6":[0,0]},"f":{"1":0,"2":0,"3":0,"4":0,"5":0,"6":0,"7":0},"fnMap":{"1":{"name":"(anonymous_1)","line":17,"loc":{"start":{"line":17,"column":1},"end":{"line":17,"column":27}}},"2":{"name":"(anonymous_2)","line":31,"loc":{"start":{"line":31,"column":12},"end":{"line":31,"column":43}}},"3":{"name":"(anonymous_3)","line":49,"loc":{"start":{"line":49,"column":32},"end":{"line":49,"column":49}}},"4":{"name":"(anonymous_4)","line":68,"loc":{"start":{"line":68,"column":12},"end":{"line":68,"column":36}}},"5":{"name":"(anonymous_5)","line":82,"loc":{"start":{"line":82,"column":13},"end":{"line":82,"column":31}}},"6":{"name":"(anonymous_6)","line":93,"loc":{"start":{"line":93,"column":8},"end":{"line":93,"column":20}}},"7":{"name":"(anonymous_7)","line":102,"loc":{"start":{"line":102,"column":63},"end":{"line":102,"column":79}}}},"statementMap":{"1":{"start":{"line":1,"column":0},"end":{"line":1,"column":67}},"2":{"start":{"line":2,"column":0},"end":{"line":2,"column":44}},"3":{"start":{"line":10,"column":0},"end":{"line":119,"column":2}},"4":{"start":{"line":18,"column":2},"end":{"line":18,"column":22}},"5":{"start":{"line":19,"column":2},"end":{"line":19,"column":24}},"6":{"start":{"line":32,"column":3},"end":{"line":32,"column":30}},"7":{"start":{"line":34,"column":3},"end":{"line":36,"column":4}},"8":{"start":{"line":35,"column":4},"end":{"line":35,"column":61}},"9":{"start":{"line":38,"column":3},"end":{"line":38,"column":49}},"10":{"start":{"line":40,"column":3},"end":{"line":58,"column":4}},"11":{"start":{"line":41,"column":4},"end":{"line":41,"column":68}},"12":{"start":{"line":43,"column":4},"end":{"line":54,"column":5}},"13":{"start":{"line":44,"column":5},"end":{"line":44,"column":51}},"14":{"start":{"line":48,"column":5},"end":{"line":48,"column":15}},"15":{"start":{"line":49,"column":5},"end":{"line":51,"column":14}},"16":{"start":{"line":50,"column":6},"end":{"line":50,"column":43}},"17":{"start":{"line":53,"column":5},"end":{"line":53,"column":17}},"18":{"start":{"line":57,"column":4},"end":{"line":57,"column":30}},"19":{"start":{"line":69,"column":3},"end":{"line":71,"column":4}},"20":{"start":{"line":70,"column":4},"end":{"line":70,"column":61}},"21":{"start":{"line":72,"column":3},"end":{"line":72,"column":30}},"22":{"start":{"line":83,"column":3},"end":{"line":84,"column":2}},"23":{"start":{"line":94,"column":3},"end":{"line":98,"column":14}},"24":{"start":{"line":100,"column":3},"end":{"line":100,"column":42}},"25":{"start":{"line":102,"column":3},"end":{"line":108,"column":17}},"26":{"start":{"line":103,"column":4},"end":{"line":105,"column":54}},"27":{"start":{"line":107,"column":4},"end":{"line":107,"column":36}},"28":{"start":{"line":121,"column":0},"end":{"line":121,"column":30}}},"branchMap":{"1":{"line":34,"type":"if","locations":[{"start":{"line":34,"column":3},"end":{"line":34,"column":3}},{"start":{"line":34,"column":3},"end":{"line":34,"column":3}}]},"2":{"line":40,"type":"if","locations":[{"start":{"line":40,"column":3},"end":{"line":40,"column":3}},{"start":{"line":40,"column":3},"end":{"line":40,"column":3}}]},"3":{"line":40,"type":"binary-expr","locations":[{"start":{"line":40,"column":7},"end":{"line":40,"column":22}},{"start":{"line":40,"column":26},"end":{"line":40,"column":39}}]},"4":{"line":43,"type":"if","locations":[{"start":{"line":43,"column":4},"end":{"line":43,"column":4}},{"start":{"line":43,"column":4},"end":{"line":43,"column":4}}]},"5":{"line":43,"type":"binary-expr","locations":[{"start":{"line":43,"column":9},"end":{"line":43,"column":37}},{"start":{"line":43,"column":42},"end":{"line":43,"column":56}}]},"6":{"line":69,"type":"if","locations":[{"start":{"line":69,"column":3},"end":{"line":69,"column":3}},{"start":{"line":69,"column":3},"end":{"line":69,"column":3}}]}}},"/Users/erz/test/hodman/lib/service/abstract/containerObject.js":{"path":"/Users/erz/test/hodman/lib/service/abstract/containerObject.js","s":{"1":1,"2":1,"3":0,"4":0,"5":0,"6":1},"b":{},"f":{"1":0,"2":0,"3":0},"fnMap":{"1":{"name":"(anonymous_1)","line":14,"loc":{"start":{"line":14,"column":1},"end":{"line":14,"column":20}}},"2":{"name":"(anonymous_2)","line":25,"loc":{"start":{"line":25,"column":16},"end":{"line":25,"column":28}}},"3":{"name":"(anonymous_3)","line":35,"loc":{"start":{"line":35,"column":16},"end":{"line":35,"column":28}}}},"statementMap":{"1":{"start":{"line":1,"column":0},"end":{"line":1,"column":56}},"2":{"start":{"line":7,"column":0},"end":{"line":47,"column":2}},"3":{"start":{"line":15,"column":2},"end":{"line":15,"column":24}},"4":{"start":{"line":26,"column":3},"end":{"line":26,"column":38}},"5":{"start":{"line":36,"column":3},"end":{"line":36,"column":46}},"6":{"start":{"line":49,"column":0},"end":{"line":49,"column":40}}},"branchMap":{}},"/Users/erz/test/hodman/lib/service/list.js":{"path":"/Users/erz/test/hodman/lib/service/list.js","s":{"1":1,"2":1,"3":0,"4":0,"5":0,"6":0,"7":0,"8":0,"9":0,"10":0,"11":0,"12":1},"b":{"1":[0,0]},"f":{"1":0,"2":0,"3":0,"4":0},"fnMap":{"1":{"name":"(anonymous_1)","line":16,"loc":{"start":{"line":16,"column":1},"end":{"line":16,"column":27}}},"2":{"name":"(anonymous_2)","line":30,"loc":{"start":{"line":30,"column":12},"end":{"line":30,"column":24}}},"3":{"name":"(anonymous_3)","line":41,"loc":{"start":{"line":41,"column":11},"end":{"line":41,"column":25}}},"4":{"name":"(anonymous_4)","line":61,"loc":{"start":{"line":61,"column":11},"end":{"line":61,"column":25}}}},"statementMap":{"1":{"start":{"line":1,"column":0},"end":{"line":1,"column":67}},"2":{"start":{"line":9,"column":0},"end":{"line":73,"column":2}},"3":{"start":{"line":18,"column":2},"end":{"line":18,"column":22}},"4":{"start":{"line":20,"column":2},"end":{"line":20,"column":24}},"5":{"start":{"line":31,"column":3},"end":{"line":31,"column":22}},"6":{"start":{"line":42,"column":3},"end":{"line":43,"column":28}},"7":{"start":{"line":45,"column":3},"end":{"line":49,"column":4}},"8":{"start":{"line":46,"column":4},"end":{"line":48,"column":5}},"9":{"start":{"line":47,"column":5},"end":{"line":47,"column":21}},"10":{"start":{"line":51,"column":3},"end":{"line":51,"column":20}},"11":{"start":{"line":62,"column":3},"end":{"line":62,"column":43}},"12":{"start":{"line":75,"column":0},"end":{"line":75,"column":29}}},"branchMap":{"1":{"line":46,"type":"if","locations":[{"start":{"line":46,"column":4},"end":{"line":46,"column":4}},{"start":{"line":46,"column":4},"end":{"line":46,"column":4}}]}}},"/Users/erz/test/hodman/lib/service/lookup.js":{"path":"/Users/erz/test/hodman/lib/service/lookup.js","s":{"1":1,"2":1,"3":1,"4":1,"5":1,"6":0,"7":0,"8":0,"9":0,"10":0,"11":0,"12":0,"13":0,"14":0,"15":0,"16":0,"17":0,"18":0,"19":0,"20":0,"21":0,"22":0,"23":0,"24":0,"25":0,"26":0,"27":0,"28":0,"29":0,"30":0,"31":0,"32":0,"33":0,"34":0,"35":0,"36":0,"37":0,"38":1},"b":{"1":[0,0],"2":[0,0],"3":[0,0],"4":[0,0],"5":[0,0],"6":[0,0]},"f":{"1":0,"2":0,"3":0,"4":0,"5":0,"6":0,"7":0,"8":0,"9":0,"10":0},"fnMap":{"1":{"name":"(anonymous_1)","line":21,"loc":{"start":{"line":21,"column":1},"end":{"line":21,"column":20}}},"2":{"name":"(anonymous_2)","line":34,"loc":{"start":{"line":34,"column":14},"end":{"line":34,"column":26}}},"3":{"name":"(anonymous_3)","line":45,"loc":{"start":{"line":45,"column":18},"end":{"line":45,"column":35}}},"4":{"name":"(anonymous_4)","line":59,"loc":{"start":{"line":59,"column":16},"end":{"line":59,"column":31}}},"5":{"name":"(anonymous_5)","line":71,"loc":{"start":{"line":71,"column":16},"end":{"line":71,"column":38}}},"6":{"name":"(anonymous_6)","line":82,"loc":{"start":{"line":82,"column":15},"end":{"line":82,"column":37}}},"7":{"name":"(anonymous_7)","line":99,"loc":{"start":{"line":99,"column":20},"end":{"line":99,"column":32}}},"8":{"name":"(anonymous_8)","line":113,"loc":{"start":{"line":113,"column":9},"end":{"line":113,"column":25}}},"9":{"name":"(anonymous_9)","line":118,"loc":{"start":{"line":118,"column":23},"end":{"line":118,"column":45}}},"10":{"name":"(anonymous_10)","line":135,"loc":{"start":{"line":135,"column":30},"end":{"line":135,"column":47}}}},"statementMap":{"1":{"start":{"line":1,"column":0},"end":{"line":1,"column":53}},"2":{"start":{"line":2,"column":0},"end":{"line":2,"column":46}},"3":{"start":{"line":3,"column":0},"end":{"line":3,"column":42}},"4":{"start":{"line":5,"column":0},"end":{"line":5,"column":30}},"5":{"start":{"line":13,"column":0},"end":{"line":160,"column":2}},"6":{"start":{"line":22,"column":2},"end":{"line":22,"column":73}},"7":{"start":{"line":23,"column":2},"end":{"line":23,"column":24}},"8":{"start":{"line":25,"column":2},"end":{"line":25,"column":24}},"9":{"start":{"line":47,"column":3},"end":{"line":47,"column":17}},"10":{"start":{"line":49,"column":3},"end":{"line":51,"column":4}},"11":{"start":{"line":50,"column":4},"end":{"line":50,"column":42}},"12":{"start":{"line":52,"column":3},"end":{"line":54,"column":4}},"13":{"start":{"line":53,"column":4},"end":{"line":53,"column":40}},"14":{"start":{"line":55,"column":3},"end":{"line":57,"column":4}},"15":{"start":{"line":56,"column":4},"end":{"line":56,"column":49}},"16":{"start":{"line":59,"column":3},"end":{"line":61,"column":12}},"17":{"start":{"line":60,"column":4},"end":{"line":60,"column":34}},"18":{"start":{"line":72,"column":3},"end":{"line":72,"column":39}},"19":{"start":{"line":83,"column":3},"end":{"line":83,"column":45}},"20":{"start":{"line":85,"column":3},"end":{"line":87,"column":4}},"21":{"start":{"line":86,"column":4},"end":{"line":86,"column":67}},"22":{"start":{"line":89,"column":3},"end":{"line":89,"column":45}},"23":{"start":{"line":100,"column":3},"end":{"line":103,"column":5}},"24":{"start":{"line":114,"column":3},"end":{"line":116,"column":70}},"25":{"start":{"line":118,"column":3},"end":{"line":147,"column":12}},"26":{"start":{"line":119,"column":4},"end":{"line":122,"column":15}},"27":{"start":{"line":124,"column":4},"end":{"line":124,"column":48}},"28":{"start":{"line":125,"column":4},"end":{"line":146,"column":5}},"29":{"start":{"line":127,"column":5},"end":{"line":127,"column":45}},"30":{"start":{"line":128,"column":5},"end":{"line":128,"column":55}},"31":{"start":{"line":131,"column":5},"end":{"line":133,"column":6}},"32":{"start":{"line":132,"column":6},"end":{"line":132,"column":44}},"33":{"start":{"line":135,"column":5},"end":{"line":139,"column":8}},"34":{"start":{"line":136,"column":6},"end":{"line":138,"column":10}},"35":{"start":{"line":141,"column":5},"end":{"line":143,"column":8}},"36":{"start":{"line":145,"column":5},"end":{"line":145,"column":37}},"37":{"start":{"line":149,"column":3},"end":{"line":149,"column":20}},"38":{"start":{"line":162,"column":0},"end":{"line":162,"column":31}}},"branchMap":{"1":{"line":49,"type":"if","locations":[{"start":{"line":49,"column":3},"end":{"line":49,"column":3}},{"start":{"line":49,"column":3},"end":{"line":49,"column":3}}]},"2":{"line":52,"type":"if","locations":[{"start":{"line":52,"column":3},"end":{"line":52,"column":3}},{"start":{"line":52,"column":3},"end":{"line":52,"column":3}}]},"3":{"line":55,"type":"if","locations":[{"start":{"line":55,"column":3},"end":{"line":55,"column":3}},{"start":{"line":55,"column":3},"end":{"line":55,"column":3}}]},"4":{"line":85,"type":"if","locations":[{"start":{"line":85,"column":3},"end":{"line":85,"column":3}},{"start":{"line":85,"column":3},"end":{"line":85,"column":3}}]},"5":{"line":125,"type":"if","locations":[{"start":{"line":125,"column":4},"end":{"line":125,"column":4}},{"start":{"line":125,"column":4},"end":{"line":125,"column":4}}]},"6":{"line":131,"type":"if","locations":[{"start":{"line":131,"column":5},"end":{"line":131,"column":5}},{"start":{"line":131,"column":5},"end":{"line":131,"column":5}}]}}},"/Users/erz/test/hodman/lib/service/container.js":{"path":"/Users/erz/test/hodman/lib/service/container.js","s":{"1":1,"2":1,"3":0,"4":0,"5":0,"6":0,"7":1},"b":{},"f":{"1":0,"2":0,"3":0},"fnMap":{"1":{"name":"(anonymous_1)","line":16,"loc":{"start":{"line":16,"column":1},"end":{"line":16,"column":32}}},"2":{"name":"(anonymous_2)","line":29,"loc":{"start":{"line":29,"column":17},"end":{"line":29,"column":39}}},"3":{"name":"(anonymous_3)","line":40,"loc":{"start":{"line":40,"column":17},"end":{"line":40,"column":39}}}},"statementMap":{"1":{"start":{"line":1,"column":0},"end":{"line":1,"column":56}},"2":{"start":{"line":9,"column":0},"end":{"line":52,"column":2}},"3":{"start":{"line":17,"column":2},"end":{"line":17,"column":32}},"4":{"start":{"line":18,"column":2},"end":{"line":18,"column":24}},"5":{"start":{"line":30,"column":3},"end":{"line":30,"column":39}},"6":{"start":{"line":41,"column":3},"end":{"line":41,"column":57}},"7":{"start":{"line":54,"column":0},"end":{"line":54,"column":34}}},"branchMap":{}},"/Users/erz/test/hodman/lib/service/request.js":{"path":"/Users/erz/test/hodman/lib/service/request.js","s":{"1":1,"2":1,"3":1,"4":1,"5":1,"6":0,"7":0,"8":0,"9":0,"10":0,"11":0,"12":0,"13":0,"14":0,"15":0,"16":0,"17":0,"18":0,"19":0,"20":1},"b":{"1":[0,0],"2":[0,0],"3":[0,0]},"f":{"1":0,"2":0,"3":0,"4":0,"5":0},"fnMap":{"1":{"name":"(anonymous_1)","line":20,"loc":{"start":{"line":20,"column":1},"end":{"line":20,"column":29}}},"2":{"name":"(anonymous_2)","line":35,"loc":{"start":{"line":35,"column":14},"end":{"line":35,"column":26}}},"3":{"name":"(anonymous_3)","line":49,"loc":{"start":{"line":49,"column":15},"end":{"line":49,"column":44}}},"4":{"name":"(anonymous_4)","line":50,"loc":{"start":{"line":50,"column":22},"end":{"line":50,"column":49}}},"5":{"name":"(anonymous_5)","line":55,"loc":{"start":{"line":55,"column":7},"end":{"line":55,"column":46}}}},"statementMap":{"1":{"start":{"line":1,"column":0},"end":{"line":1,"column":42}},"2":{"start":{"line":2,"column":0},"end":{"line":2,"column":44}},"3":{"start":{"line":3,"column":0},"end":{"line":3,"column":33}},"4":{"start":{"line":4,"column":0},"end":{"line":4,"column":30}},"5":{"start":{"line":13,"column":0},"end":{"line":82,"column":2}},"6":{"start":{"line":21,"column":2},"end":{"line":21,"column":17}},"7":{"start":{"line":23,"column":2},"end":{"line":23,"column":26}},"8":{"start":{"line":24,"column":2},"end":{"line":24,"column":26}},"9":{"start":{"line":26,"column":2},"end":{"line":26,"column":20}},"10":{"start":{"line":50,"column":3},"end":{"line":70,"column":17}},"11":{"start":{"line":51,"column":4},"end":{"line":69,"column":7}},"12":{"start":{"line":56,"column":5},"end":{"line":56,"column":30}},"13":{"start":{"line":57,"column":5},"end":{"line":68,"column":6}},"14":{"start":{"line":58,"column":6},"end":{"line":58,"column":18}},"15":{"start":{"line":60,"column":6},"end":{"line":67,"column":7}},"16":{"start":{"line":61,"column":7},"end":{"line":63,"column":8}},"17":{"start":{"line":62,"column":8},"end":{"line":62,"column":36}},"18":{"start":{"line":64,"column":7},"end":{"line":64,"column":193}},"19":{"start":{"line":66,"column":7},"end":{"line":66,"column":29}},"20":{"start":{"line":84,"column":0},"end":{"line":84,"column":32}}},"branchMap":{"1":{"line":57,"type":"if","locations":[{"start":{"line":57,"column":5},"end":{"line":57,"column":5}},{"start":{"line":57,"column":5},"end":{"line":57,"column":5}}]},"2":{"line":60,"type":"if","locations":[{"start":{"line":60,"column":6},"end":{"line":60,"column":6}},{"start":{"line":60,"column":6},"end":{"line":60,"column":6}}]},"3":{"line":61,"type":"if","locations":[{"start":{"line":61,"column":7},"end":{"line":61,"column":7}},{"start":{"line":61,"column":7},"end":{"line":61,"column":7}}]}}},"/Users/erz/test/hodman/lib/store/base.js":{"path":"/Users/erz/test/hodman/lib/store/base.js","s":{"1":1,"2":1,"3":1,"4":1,"5":0,"6":0,"7":0,"8":0,"9":0,"10":0,"11":0,"12":0,"13":0,"14":0,"15":0,"16":0,"17":0,"18":0,"19":0,"20":0,"21":0,"22":0,"23":0,"24":1},"b":{"1":[0,0],"2":[0,0],"3":[0,0]},"f":{"1":0,"2":0,"3":0,"4":0,"5":0,"6":0,"7":0,"8":0,"9":0},"fnMap":{"1":{"name":"(anonymous_1)","line":20,"loc":{"start":{"line":20,"column":1},"end":{"line":20,"column":28}}},"2":{"name":"(anonymous_2)","line":44,"loc":{"start":{"line":44,"column":12},"end":{"line":44,"column":24}}},"3":{"name":"(anonymous_3)","line":54,"loc":{"start":{"line":54,"column":18},"end":{"line":54,"column":30}}},"4":{"name":"(anonymous_4)","line":64,"loc":{"start":{"line":64,"column":15},"end":{"line":64,"column":27}}},"5":{"name":"(anonymous_5)","line":77,"loc":{"start":{"line":77,"column":12},"end":{"line":77,"column":35}}},"6":{"name":"(anonymous_6)","line":81,"loc":{"start":{"line":81,"column":40},"end":{"line":81,"column":57}}},"7":{"name":"(anonymous_7)","line":94,"loc":{"start":{"line":94,"column":28},"end":{"line":94,"column":46}}},"8":{"name":"(anonymous_8)","line":104,"loc":{"start":{"line":104,"column":19},"end":{"line":104,"column":31}}},"9":{"name":"(anonymous_9)","line":108,"loc":{"start":{"line":108,"column":31},"end":{"line":108,"column":46}}}},"statementMap":{"1":{"start":{"line":1,"column":0},"end":{"line":1,"column":42}},"2":{"start":{"line":2,"column":0},"end":{"line":2,"column":30}},"3":{"start":{"line":3,"column":0},"end":{"line":3,"column":33}},"4":{"start":{"line":13,"column":0},"end":{"line":133,"column":2}},"5":{"start":{"line":21,"column":2},"end":{"line":21,"column":17}},"6":{"start":{"line":23,"column":2},"end":{"line":23,"column":19}},"7":{"start":{"line":24,"column":2},"end":{"line":24,"column":22}},"8":{"start":{"line":25,"column":2},"end":{"line":25,"column":28}},"9":{"start":{"line":45,"column":3},"end":{"line":45,"column":22}},"10":{"start":{"line":55,"column":3},"end":{"line":55,"column":22}},"11":{"start":{"line":65,"column":3},"end":{"line":65,"column":25}},"12":{"start":{"line":78,"column":3},"end":{"line":85,"column":4}},"13":{"start":{"line":79,"column":4},"end":{"line":79,"column":44}},"14":{"start":{"line":81,"column":4},"end":{"line":84,"column":18}},"15":{"start":{"line":82,"column":5},"end":{"line":82,"column":29}},"16":{"start":{"line":83,"column":5},"end":{"line":83,"column":18}},"17":{"start":{"line":95,"column":3},"end":{"line":95,"column":23}},"18":{"start":{"line":96,"column":3},"end":{"line":96,"column":49}},"19":{"start":{"line":105,"column":3},"end":{"line":106,"column":18}},"20":{"start":{"line":108,"column":3},"end":{"line":113,"column":12}},"21":{"start":{"line":109,"column":4},"end":{"line":110,"column":32}},"22":{"start":{"line":112,"column":4},"end":{"line":112,"column":43}},"23":{"start":{"line":115,"column":3},"end":{"line":115,"column":32}},"24":{"start":{"line":135,"column":0},"end":{"line":135,"column":27}}},"branchMap":{"1":{"line":78,"type":"if","locations":[{"start":{"line":78,"column":3},"end":{"line":78,"column":3}},{"start":{"line":78,"column":3},"end":{"line":78,"column":3}}]},"2":{"line":81,"type":"binary-expr","locations":[{"start":{"line":81,"column":20},"end":{"line":81,"column":27}},{"start":{"line":81,"column":31},"end":{"line":81,"column":33}}]},"3":{"line":96,"type":"binary-expr","locations":[{"start":{"line":96,"column":11},"end":{"line":96,"column":17}},{"start":{"line":96,"column":21},"end":{"line":96,"column":23}}]}}},"/Users/erz/test/hodman/lib/store/lookup.js":{"path":"/Users/erz/test/hodman/lib/store/lookup.js","s":{"1":1,"2":1,"3":1,"4":1,"5":0,"6":0,"7":0,"8":0,"9":0,"10":0,"11":0,"12":0,"13":0,"14":0,"15":0,"16":0,"17":0,"18":0,"19":0,"20":0,"21":0,"22":0,"23":0,"24":0,"25":0,"26":0,"27":0,"28":0,"29":1},"b":{"1":[0,0],"2":[0,0]},"f":{"1":0,"2":0,"3":0,"4":0,"5":0,"6":0,"7":0,"8":0,"9":0},"fnMap":{"1":{"name":"(anonymous_1)","line":19,"loc":{"start":{"line":19,"column":1},"end":{"line":19,"column":20}}},"2":{"name":"(anonymous_2)","line":35,"loc":{"start":{"line":35,"column":14},"end":{"line":35,"column":26}}},"3":{"name":"(anonymous_3)","line":46,"loc":{"start":{"line":46,"column":14},"end":{"line":46,"column":26}}},"4":{"name":"(anonymous_4)","line":56,"loc":{"start":{"line":56,"column":17},"end":{"line":56,"column":34}}},"5":{"name":"(anonymous_5)","line":60,"loc":{"start":{"line":60,"column":16},"end":{"line":60,"column":31}}},"6":{"name":"(anonymous_6)","line":73,"loc":{"start":{"line":73,"column":15},"end":{"line":73,"column":30}}},"7":{"name":"(anonymous_7)","line":84,"loc":{"start":{"line":84,"column":12},"end":{"line":84,"column":27}}},"8":{"name":"(anonymous_8)","line":112,"loc":{"start":{"line":112,"column":19},"end":{"line":112,"column":31}}},"9":{"name":"(anonymous_9)","line":115,"loc":{"start":{"line":115,"column":31},"end":{"line":115,"column":46}}}},"statementMap":{"1":{"start":{"line":1,"column":0},"end":{"line":1,"column":42}},"2":{"start":{"line":2,"column":0},"end":{"line":2,"column":30}},"3":{"start":{"line":3,"column":0},"end":{"line":3,"column":33}},"4":{"start":{"line":13,"column":0},"end":{"line":131,"column":2}},"5":{"start":{"line":20,"column":2},"end":{"line":20,"column":17}},"6":{"start":{"line":22,"column":2},"end":{"line":22,"column":26}},"7":{"start":{"line":23,"column":2},"end":{"line":23,"column":20}},"8":{"start":{"line":24,"column":2},"end":{"line":24,"column":19}},"9":{"start":{"line":26,"column":2},"end":{"line":26,"column":20}},"10":{"start":{"line":47,"column":3},"end":{"line":47,"column":24}},"11":{"start":{"line":58,"column":3},"end":{"line":58,"column":25}},"12":{"start":{"line":60,"column":3},"end":{"line":62,"column":12}},"13":{"start":{"line":61,"column":4},"end":{"line":61,"column":30}},"14":{"start":{"line":74,"column":3},"end":{"line":74,"column":28}},"15":{"start":{"line":86,"column":3},"end":{"line":89,"column":13}},"16":{"start":{"line":91,"column":3},"end":{"line":93,"column":4}},"17":{"start":{"line":92,"column":4},"end":{"line":92,"column":61}},"18":{"start":{"line":94,"column":3},"end":{"line":94,"column":28}},"19":{"start":{"line":96,"column":3},"end":{"line":101,"column":4}},"20":{"start":{"line":97,"column":4},"end":{"line":97,"column":32}},"21":{"start":{"line":98,"column":4},"end":{"line":98,"column":40}},"22":{"start":{"line":100,"column":4},"end":{"line":100,"column":54}},"23":{"start":{"line":103,"column":3},"end":{"line":103,"column":32}},"24":{"start":{"line":113,"column":3},"end":{"line":113,"column":21}},"25":{"start":{"line":115,"column":3},"end":{"line":118,"column":12}},"26":{"start":{"line":116,"column":4},"end":{"line":116,"column":33}},"27":{"start":{"line":117,"column":4},"end":{"line":117,"column":43}},"28":{"start":{"line":120,"column":3},"end":{"line":120,"column":32}},"29":{"start":{"line":133,"column":0},"end":{"line":133,"column":29}}},"branchMap":{"1":{"line":91,"type":"if","locations":[{"start":{"line":91,"column":3},"end":{"line":91,"column":3}},{"start":{"line":91,"column":3},"end":{"line":91,"column":3}}]},"2":{"line":96,"type":"if","locations":[{"start":{"line":96,"column":3},"end":{"line":96,"column":3}},{"start":{"line":96,"column":3},"end":{"line":96,"column":3}}]}}}}