TN:
SF:/Users/erz/test/hodman/index.js
FNF:0
FNH:0
DA:4,1
LF:1
LH:1
BRF:0
BRH:0
end_of_record
TN:
SF:/Users/erz/test/hodman/lib/driverAdapter/driverAdapter.js
FN:18,(anonymous_1)
FN:32,(anonymous_2)
FN:43,(anonymous_3)
FN:54,(anonymous_4)
FN:64,(anonymous_5)
FN:73,(anonymous_6)
FN:82,(anonymous_7)
FN:92,(anonymous_8)
FN:106,(anonymous_9)
FN:119,(anonymous_10)
FNF:10
FNH:0
FNDA:0,(anonymous_1)
FNDA:0,(anonymous_2)
FNDA:0,(anonymous_3)
FNDA:0,(anonymous_4)
FNDA:0,(anonymous_5)
FNDA:0,(anonymous_6)
FNDA:0,(anonymous_7)
FNDA:0,(anonymous_8)
FNDA:0,(anonymous_9)
FNDA:0,(anonymous_10)
DA:4,1
DA:10,1
DA:19,0
DA:21,0
DA:23,0
DA:44,0
DA:55,0
DA:65,0
DA:74,0
DA:83,0
DA:93,0
DA:107,0
DA:120,0
DA:133,1
LF:14
LH:3
BRF:0
BRH:0
end_of_record
TN:
SF:/Users/erz/test/hodman/lib/driverAdapter/cabbieAdapter.js
FN:20,(anonymous_1)
FN:31,(anonymous_2)
FN:42,(anonymous_3)
FN:52,(anonymous_4)
FN:62,(anonymous_5)
FN:72,(anonymous_6)
FN:82,(anonymous_7)
FN:96,(anonymous_8)
FN:109,(anonymous_9)
FNF:9
FNH:0
FNDA:0,(anonymous_1)
FNDA:0,(anonymous_2)
FNDA:0,(anonymous_3)
FNDA:0,(anonymous_4)
FNDA:0,(anonymous_5)
FNDA:0,(anonymous_6)
FNDA:0,(anonymous_7)
FNDA:0,(anonymous_8)
FNDA:0,(anonymous_9)
DA:4,1
DA:6,1
DA:12,1
DA:32,0
DA:43,0
DA:53,0
DA:63,0
DA:73,0
DA:83,0
DA:97,0
DA:110,0
DA:123,1
LF:12
LH:4
BRF:0
BRH:0
end_of_record
TN:
SF:/Users/erz/test/hodman/lib/pageObjects/baseObject.js
FN:31,(anonymous_1)
FN:49,(anonymous_2)
FN:62,(anonymous_3)
FN:74,(anonymous_4)
FN:75,(anonymous_5)
FN:88,(anonymous_6)
FN:103,(anonymous_7)
FN:113,(anonymous_8)
FN:124,(anonymous_9)
FN:134,(anonymous_10)
FN:145,(anonymous_11)
FN:157,(anonymous_12)
FN:170,(anonymous_13)
FN:184,(anonymous_14)
FN:200,(anonymous_15)
FN:202,(anonymous_16)
FN:206,(anonymous_17)
FN:229,(anonymous_18)
FN:263,(anonymous_19)
FN:286,(anonymous_20)
FN:300,(anonymous_21)
FN:310,(anonymous_22)
FN:328,(anonymous_23)
FN:332,(anonymous_24)
FN:356,(anonymous_25)
FN:391,(anonymous_26)
FN:402,(anonymous_27)
FN:413,(anonymous_28)
FNF:28
FNH:8
FNDA:2,(anonymous_1)
FNDA:2,(anonymous_2)
FNDA:2,(anonymous_3)
FNDA:0,(anonymous_4)
FNDA:0,(anonymous_5)
FNDA:0,(anonymous_6)
FNDA:0,(anonymous_7)
FNDA:0,(anonymous_8)
FNDA:0,(anonymous_9)
FNDA:0,(anonymous_10)
FNDA:0,(anonymous_11)
FNDA:0,(anonymous_12)
FNDA:0,(anonymous_13)
FNDA:0,(anonymous_14)
FNDA:2,(anonymous_15)
FNDA:4,(anonymous_16)
FNDA:0,(anonymous_17)
FNDA:2,(anonymous_18)
FNDA:0,(anonymous_19)
FNDA:0,(anonymous_20)
FNDA:0,(anonymous_21)
FNDA:0,(anonymous_22)
FNDA:0,(anonymous_23)
FNDA:0,(anonymous_24)
FNDA:0,(anonymous_25)
FNDA:1,(anonymous_26)
FNDA:0,(anonymous_27)
FNDA:1,(anonymous_28)
DA:4,1
DA:6,1
DA:7,1
DA:8,1
DA:10,1
DA:11,1
DA:21,1
DA:32,2
DA:34,2
DA:35,2
DA:36,2
DA:38,2
DA:40,2
DA:63,2
DA:75,0
DA:76,0
DA:78,0
DA:89,0
DA:90,0
DA:92,0
DA:93,0
DA:104,0
DA:114,0
DA:125,0
DA:135,0
DA:146,0
DA:147,0
DA:158,0
DA:159,0
DA:171,0
DA:174,0
DA:185,0
DA:188,0
DA:202,2
DA:204,4
DA:206,4
DA:207,0
DA:208,0
DA:212,4
DA:216,2
DA:231,2
DA:234,2
DA:235,2
DA:237,2
DA:238,2
DA:242,2
DA:244,0
DA:245,0
DA:248,0
DA:252,2
DA:264,0
DA:266,0
DA:267,0
DA:269,0
DA:272,0
DA:273,0
DA:275,0
DA:287,0
DA:302,0
DA:306,0
DA:308,0
DA:310,0
DA:311,0
DA:312,0
DA:314,0
DA:318,0
DA:319,0
DA:320,0
DA:322,0
DA:323,0
DA:324,0
DA:326,0
DA:328,0
DA:330,0
DA:332,0
DA:334,0
DA:336,0
DA:337,0
DA:341,0
DA:342,0
DA:351,0
DA:352,0
DA:356,0
DA:358,0
DA:359,0
DA:362,0
DA:368,0
DA:372,0
DA:392,1
DA:403,0
DA:414,1
DA:418,1
LF:92
LH:29
BRDA:89,1,0,0
BRDA:89,1,1,0
BRDA:207,2,0,0
BRDA:207,2,1,0
BRDA:208,3,0,0
BRDA:208,3,1,0
BRDA:234,4,0,2
BRDA:234,4,1,2
BRDA:235,5,0,2
BRDA:235,5,1,2
BRDA:238,6,0,0
BRDA:238,6,1,2
BRDA:238,7,0,2
BRDA:238,7,1,2
BRDA:244,8,0,0
BRDA:244,8,1,0
BRDA:266,9,0,0
BRDA:266,9,1,0
BRDA:272,10,0,0
BRDA:272,10,1,0
BRDA:306,11,0,0
BRDA:306,11,1,0
BRDA:308,12,0,0
BRDA:308,12,1,0
BRDA:311,13,0,0
BRDA:311,13,1,0
BRDA:322,14,0,0
BRDA:322,14,1,0
BRDA:323,15,0,0
BRDA:323,15,1,0
BRDA:336,16,0,0
BRDA:336,16,1,0
BRDA:351,17,0,0
BRDA:351,17,1,0
BRDA:351,18,0,0
BRDA:351,18,1,0
BRDA:358,19,0,0
BRDA:358,19,1,0
BRDA:392,20,0,1
BRDA:392,20,1,1
BRDA:392,20,2,1
BRDA:403,21,0,0
BRDA:403,21,1,0
BRDA:403,21,2,0
BRDA:414,22,0,1
BRDA:414,22,1,1
BRF:46
BRH:12
end_of_record
TN:
SF:/Users/erz/test/hodman/lib/pageObjects/genericPageObject.js
FN:26,(anonymous_1)
FN:44,(anonymous_2)
FN:52,(anonymous_3)
FN:85,(anonymous_4)
FNF:4
FNH:0
FNDA:0,(anonymous_1)
FNDA:0,(anonymous_2)
FNDA:0,(anonymous_3)
FNDA:0,(anonymous_4)
DA:4,1
DA:5,1
DA:6,1
DA:15,1
DA:28,0
DA:29,0
DA:31,0
DA:46,0
DA:49,0
DA:51,0
DA:52,0
DA:53,0
DA:55,0
DA:56,0
DA:58,0
DA:62,0
DA:86,0
DA:87,0
DA:88,0
DA:92,1
LF:20
LH:5
BRDA:49,1,0,0
BRDA:49,1,1,0
BRDA:51,2,0,0
BRDA:51,2,1,0
BRDA:55,3,0,0
BRDA:55,3,1,0
BRF:6
BRH:0
end_of_record
TN:
SF:/Users/erz/test/hodman/lib/pageObjects/panelObject.js
FN:20,(anonymous_1)
FN:35,(anonymous_2)
FN:43,(anonymous_3)
FNF:3
FNH:0
FNDA:0,(anonymous_1)
FNDA:0,(anonymous_2)
FNDA:0,(anonymous_3)
DA:4,1
DA:10,1
DA:21,0
DA:36,0
DA:39,0
DA:41,0
DA:43,0
DA:44,0
DA:45,0
DA:48,0
DA:49,0
DA:51,0
DA:52,0
DA:55,0
DA:59,0
DA:82,1
LF:16
LH:3
BRDA:39,1,0,0
BRDA:39,1,1,0
BRDA:41,2,0,0
BRDA:41,2,1,0
BRDA:48,3,0,0
BRDA:48,3,1,0
BRDA:48,4,0,0
BRDA:48,4,1,0
BRDA:51,5,0,0
BRDA:51,5,1,0
BRDA:51,6,0,0
BRDA:51,6,1,0
BRF:12
BRH:0
end_of_record
TN:
SF:/Users/erz/test/hodman/lib/pageObjects/viewObject.js
FNF:0
FNH:0
DA:4,1
DA:10,1
DA:24,1
LF:3
LH:3
BRF:0
BRH:0
end_of_record
TN:
SF:/Users/erz/test/hodman/lib/pageObjects/pageObject.js
FN:22,(anonymous_1)
FN:35,(anonymous_2)
FN:40,(anonymous_3)
FN:103,(anonymous_4)
FN:117,(anonymous_5)
FN:128,(anonymous_6)
FN:139,(anonymous_7)
FN:150,(anonymous_8)
FNF:8
FNH:0
FNDA:0,(anonymous_1)
FNDA:0,(anonymous_2)
FNDA:0,(anonymous_3)
FNDA:0,(anonymous_4)
FNDA:0,(anonymous_5)
FNDA:0,(anonymous_6)
FNDA:0,(anonymous_7)
FNDA:0,(anonymous_8)
DA:4,1
DA:5,1
DA:6,1
DA:7,1
DA:13,1
DA:23,0
DA:37,0
DA:39,0
DA:40,0
DA:41,0
DA:43,0
DA:44,0
DA:46,0
DA:50,0
DA:104,0
DA:105,0
DA:106,0
DA:118,0
DA:129,0
DA:140,0
DA:151,0
DA:155,1
LF:22
LH:6
BRDA:39,1,0,0
BRDA:39,1,1,0
BRDA:43,2,0,0
BRDA:43,2,1,0
BRDA:151,3,0,0
BRDA:151,3,1,0
BRF:6
BRH:0
end_of_record
TN:
SF:/Users/erz/test/hodman/lib/service/endPoint.js
FN:24,(anonymous_1)
FN:34,(anonymous_2)
FN:45,(anonymous_3)
FN:56,(anonymous_4)
FN:67,(anonymous_5)
FN:84,(anonymous_6)
FN:97,(anonymous_7)
FN:113,(anonymous_8)
FN:129,(anonymous_9)
FN:145,(anonymous_10)
FN:147,(anonymous_11)
FN:159,(anonymous_12)
FN:168,(anonymous_13)
FN:175,(anonymous_14)
FN:191,(anonymous_15)
FN:194,(anonymous_16)
FN:211,(anonymous_17)
FN:220,(anonymous_18)
FN:227,(anonymous_19)
FNF:19
FNH:0
FNDA:0,(anonymous_1)
FNDA:0,(anonymous_2)
FNDA:0,(anonymous_3)
FNDA:0,(anonymous_4)
FNDA:0,(anonymous_5)
FNDA:0,(anonymous_6)
FNDA:0,(anonymous_7)
FNDA:0,(anonymous_8)
FNDA:0,(anonymous_9)
FNDA:0,(anonymous_10)
FNDA:0,(anonymous_11)
FNDA:0,(anonymous_12)
FNDA:0,(anonymous_13)
FNDA:0,(anonymous_14)
FNDA:0,(anonymous_15)
FNDA:0,(anonymous_16)
FNDA:0,(anonymous_17)
FNDA:0,(anonymous_18)
FNDA:0,(anonymous_19)
DA:1,1
DA:3,1
DA:4,1
DA:5,1
DA:7,1
DA:15,1
DA:25,0
DA:35,0
DA:46,0
DA:57,0
DA:69,0
DA:70,0
DA:73,0
DA:85,0
DA:86,0
DA:98,0
DA:101,0
DA:102,0
DA:114,0
DA:117,0
DA:118,0
DA:130,0
DA:146,0
DA:147,0
DA:148,0
DA:160,0
DA:165,0
DA:166,0
DA:168,0
DA:169,0
DA:171,0
DA:172,0
DA:175,0
DA:176,0
DA:180,0
DA:192,0
DA:194,0
DA:195,0
DA:199,0
DA:212,0
DA:219,0
DA:220,0
DA:221,0
DA:223,0
DA:224,0
DA:227,0
DA:228,0
DA:232,0
DA:262,1
LF:49
LH:7
BRDA:69,1,0,0
BRDA:69,1,1,0
BRDA:162,2,0,0
BRDA:162,2,1,0
BRDA:165,3,0,0
BRDA:165,3,1,0
BRDA:171,4,0,0
BRDA:171,4,1,0
BRDA:214,5,0,0
BRDA:214,5,1,0
BRDA:223,6,0,0
BRDA:223,6,1,0
BRF:12
BRH:0
end_of_record
TN:
SF:/Users/erz/test/hodman/lib/service/abstract/serviceObject.js
FN:14,(anonymous_1)
FN:25,(anonymous_2)
FNF:2
FNH:0
FNDA:0,(anonymous_1)
FNDA:0,(anonymous_2)
DA:1,1
DA:7,1
DA:15,0
DA:26,0
DA:39,1
LF:5
LH:3
BRF:0
BRH:0
end_of_record
TN:
SF:/Users/erz/test/hodman/lib/service/abstract/object.js
FN:16,(anonymous_1)
FN:30,(anonymous_2)
FN:41,(anonymous_3)
FN:51,(anonymous_4)
FNF:4
FNH:0
FNDA:0,(anonymous_1)
FNDA:0,(anonymous_2)
FNDA:0,(anonymous_3)
FNDA:0,(anonymous_4)
DA:1,1
DA:9,1
DA:17,0
DA:19,0
DA:21,0
DA:42,0
DA:52,0
DA:65,1
LF:8
LH:3
BRF:0
BRH:0
end_of_record
TN:
SF:/Users/erz/test/hodman/lib/service/newEntry.js
FN:17,(anonymous_1)
FN:32,(anonymous_2)
FN:46,(anonymous_3)
FN:60,(anonymous_4)
FN:71,(anonymous_5)
FN:80,(anonymous_6)
FNF:6
FNH:0
FNDA:0,(anonymous_1)
FNDA:0,(anonymous_2)
FNDA:0,(anonymous_3)
FNDA:0,(anonymous_4)
FNDA:0,(anonymous_5)
FNDA:0,(anonymous_6)
DA:1,1
DA:2,1
DA:10,1
DA:19,0
DA:21,0
DA:33,0
DA:34,0
DA:36,0
DA:47,0
DA:48,0
DA:50,0
DA:61,0
DA:72,0
DA:78,0
DA:80,0
DA:81,0
DA:85,0
DA:99,1
LF:18
LH:4
BRDA:19,1,0,0
BRDA:19,1,1,0
BRDA:33,2,0,0
BRDA:33,2,1,0
BRDA:47,3,0,0
BRDA:47,3,1,0
BRF:6
BRH:0
end_of_record
TN:
SF:/Users/erz/test/hodman/lib/service/abstract/endPointObject.js
FN:14,(anonymous_1)
FN:25,(anonymous_2)
FNF:2
FNH:0
FNDA:0,(anonymous_1)
FNDA:0,(anonymous_2)
DA:1,1
DA:7,1
DA:15,0
DA:26,0
DA:39,1
LF:5
LH:3
BRF:0
BRH:0
end_of_record
TN:
SF:/Users/erz/test/hodman/lib/service/entry.js
FN:17,(anonymous_1)
FN:31,(anonymous_2)
FN:49,(anonymous_3)
FN:68,(anonymous_4)
FN:82,(anonymous_5)
FN:93,(anonymous_6)
FN:102,(anonymous_7)
FNF:7
FNH:0
FNDA:0,(anonymous_1)
FNDA:0,(anonymous_2)
FNDA:0,(anonymous_3)
FNDA:0,(anonymous_4)
FNDA:0,(anonymous_5)
FNDA:0,(anonymous_6)
FNDA:0,(anonymous_7)
DA:1,1
DA:2,1
DA:10,1
DA:18,0
DA:19,0
DA:32,0
DA:34,0
DA:35,0
DA:38,0
DA:40,0
DA:41,0
DA:43,0
DA:44,0
DA:48,0
DA:49,0
DA:50,0
DA:53,0
DA:57,0
DA:69,0
DA:70,0
DA:72,0
DA:83,0
DA:94,0
DA:100,0
DA:102,0
DA:103,0
DA:107,0
DA:121,1
LF:28
LH:4
BRDA:34,1,0,0
BRDA:34,1,1,0
BRDA:40,2,0,0
BRDA:40,2,1,0
BRDA:40,3,0,0
BRDA:40,3,1,0
BRDA:43,4,0,0
BRDA:43,4,1,0
BRDA:43,5,0,0
BRDA:43,5,1,0
BRDA:69,6,0,0
BRDA:69,6,1,0
BRF:12
BRH:0
end_of_record
TN:
SF:/Users/erz/test/hodman/lib/service/abstract/containerObject.js
FN:14,(anonymous_1)
FN:25,(anonymous_2)
FN:35,(anonymous_3)
FNF:3
FNH:0
FNDA:0,(anonymous_1)
FNDA:0,(anonymous_2)
FNDA:0,(anonymous_3)
DA:1,1
DA:7,1
DA:15,0
DA:26,0
DA:36,0
DA:49,1
LF:6
LH:3
BRF:0
BRH:0
end_of_record
TN:
SF:/Users/erz/test/hodman/lib/service/list.js
FN:16,(anonymous_1)
FN:30,(anonymous_2)
FN:41,(anonymous_3)
FN:61,(anonymous_4)
FNF:4
FNH:0
FNDA:0,(anonymous_1)
FNDA:0,(anonymous_2)
FNDA:0,(anonymous_3)
FNDA:0,(anonymous_4)
DA:1,1
DA:9,1
DA:18,0
DA:20,0
DA:31,0
DA:42,0
DA:45,0
DA:46,0
DA:47,0
DA:51,0
DA:62,0
DA:75,1
LF:12
LH:3
BRDA:46,1,0,0
BRDA:46,1,1,0
BRF:2
BRH:0
end_of_record
TN:
SF:/Users/erz/test/hodman/lib/service/lookup.js
FN:21,(anonymous_1)
FN:34,(anonymous_2)
FN:45,(anonymous_3)
FN:59,(anonymous_4)
FN:71,(anonymous_5)
FN:82,(anonymous_6)
FN:99,(anonymous_7)
FN:113,(anonymous_8)
FN:118,(anonymous_9)
FN:135,(anonymous_10)
FNF:10
FNH:0
FNDA:0,(anonymous_1)
FNDA:0,(anonymous_2)
FNDA:0,(anonymous_3)
FNDA:0,(anonymous_4)
FNDA:0,(anonymous_5)
FNDA:0,(anonymous_6)
FNDA:0,(anonymous_7)
FNDA:0,(anonymous_8)
FNDA:0,(anonymous_9)
FNDA:0,(anonymous_10)
DA:1,1
DA:2,1
DA:3,1
DA:5,1
DA:13,1
DA:22,0
DA:23,0
DA:25,0
DA:47,0
DA:49,0
DA:50,0
DA:52,0
DA:53,0
DA:55,0
DA:56,0
DA:59,0
DA:60,0
DA:72,0
DA:83,0
DA:85,0
DA:86,0
DA:89,0
DA:100,0
DA:114,0
DA:118,0
DA:119,0
DA:124,0
DA:125,0
DA:127,0
DA:128,0
DA:131,0
DA:132,0
DA:135,0
DA:136,0
DA:141,0
DA:145,0
DA:149,0
DA:162,1
LF:38
LH:6
BRDA:49,1,0,0
BRDA:49,1,1,0
BRDA:52,2,0,0
BRDA:52,2,1,0
BRDA:55,3,0,0
BRDA:55,3,1,0
BRDA:85,4,0,0
BRDA:85,4,1,0
BRDA:125,5,0,0
BRDA:125,5,1,0
BRDA:131,6,0,0
BRDA:131,6,1,0
BRF:12
BRH:0
end_of_record
TN:
SF:/Users/erz/test/hodman/lib/service/container.js
FN:16,(anonymous_1)
FN:29,(anonymous_2)
FN:40,(anonymous_3)
FNF:3
FNH:0
FNDA:0,(anonymous_1)
FNDA:0,(anonymous_2)
FNDA:0,(anonymous_3)
DA:1,1
DA:9,1
DA:17,0
DA:18,0
DA:30,0
DA:41,0
DA:54,1
LF:7
LH:3
BRF:0
BRH:0
end_of_record
TN:
SF:/Users/erz/test/hodman/lib/service/request.js
FN:20,(anonymous_1)
FN:35,(anonymous_2)
FN:49,(anonymous_3)
FN:50,(anonymous_4)
FN:55,(anonymous_5)
FNF:5
FNH:0
FNDA:0,(anonymous_1)
FNDA:0,(anonymous_2)
FNDA:0,(anonymous_3)
FNDA:0,(anonymous_4)
FNDA:0,(anonymous_5)
DA:1,1
DA:2,1
DA:3,1
DA:4,1
DA:13,1
DA:21,0
DA:23,0
DA:24,0
DA:26,0
DA:50,0
DA:51,0
DA:56,0
DA:57,0
DA:58,0
DA:60,0
DA:61,0
DA:62,0
DA:64,0
DA:66,0
DA:84,1
LF:20
LH:6
BRDA:57,1,0,0
BRDA:57,1,1,0
BRDA:60,2,0,0
BRDA:60,2,1,0
BRDA:61,3,0,0
BRDA:61,3,1,0
BRF:6
BRH:0
end_of_record
TN:
SF:/Users/erz/test/hodman/lib/store/base.js
FN:20,(anonymous_1)
FN:44,(anonymous_2)
FN:54,(anonymous_3)
FN:64,(anonymous_4)
FN:77,(anonymous_5)
FN:81,(anonymous_6)
FN:94,(anonymous_7)
FN:104,(anonymous_8)
FN:108,(anonymous_9)
FNF:9
FNH:0
FNDA:0,(anonymous_1)
FNDA:0,(anonymous_2)
FNDA:0,(anonymous_3)
FNDA:0,(anonymous_4)
FNDA:0,(anonymous_5)
FNDA:0,(anonymous_6)
FNDA:0,(anonymous_7)
FNDA:0,(anonymous_8)
FNDA:0,(anonymous_9)
DA:1,1
DA:2,1
DA:3,1
DA:13,1
DA:21,0
DA:23,0
DA:24,0
DA:25,0
DA:45,0
DA:55,0
DA:65,0
DA:78,0
DA:79,0
DA:81,0
DA:82,0
DA:83,0
DA:95,0
DA:96,0
DA:105,0
DA:108,0
DA:109,0
DA:112,0
DA:115,0
DA:135,1
LF:24
LH:5
BRDA:78,1,0,0
BRDA:78,1,1,0
BRDA:81,2,0,0
BRDA:81,2,1,0
BRDA:96,3,0,0
BRDA:96,3,1,0
BRF:6
BRH:0
end_of_record
TN:
SF:/Users/erz/test/hodman/lib/store/lookup.js
FN:19,(anonymous_1)
FN:35,(anonymous_2)
FN:46,(anonymous_3)
FN:56,(anonymous_4)
FN:60,(anonymous_5)
FN:73,(anonymous_6)
FN:84,(anonymous_7)
FN:112,(anonymous_8)
FN:115,(anonymous_9)
FNF:9
FNH:0
FNDA:0,(anonymous_1)
FNDA:0,(anonymous_2)
FNDA:0,(anonymous_3)
FNDA:0,(anonymous_4)
FNDA:0,(anonymous_5)
FNDA:0,(anonymous_6)
FNDA:0,(anonymous_7)
FNDA:0,(anonymous_8)
FNDA:0,(anonymous_9)
DA:1,1
DA:2,1
DA:3,1
DA:13,1
DA:20,0
DA:22,0
DA:23,0
DA:24,0
DA:26,0
DA:47,0
DA:58,0
DA:60,0
DA:61,0
DA:74,0
DA:86,0
DA:91,0
DA:92,0
DA:94,0
DA:96,0
DA:97,0
DA:98,0
DA:100,0
DA:103,0
DA:113,0
DA:115,0
DA:116,0
DA:117,0
DA:120,0
DA:133,1
LF:29
LH:5
BRDA:91,1,0,0
BRDA:91,1,1,0
BRDA:96,2,0,0
BRDA:96,2,1,0
BRF:4
BRH:0
end_of_record
